SF:lib\core\domain\models\sentiment_data.dart
DA:18,2
DA:39,0
DA:40,0
DA:42,2
DA:43,1
DA:44,1
DA:45,1
DA:48,1
DA:49,1
DA:50,1
DA:51,1
DA:52,1
DA:59,7
DA:130,2
DA:131,6
DA:138,0
DA:139,0
DA:140,0
DA:141,0
DA:142,0
DA:143,0
DA:144,0
DA:147,0
DA:148,0
DA:149,0
DA:150,0
DA:151,0
DA:152,0
DA:153,0
DA:154,0
DA:155,0
DA:156,0
DA:157,0
DA:158,0
DA:159,0
DA:160,0
DA:163,1
DA:164,1
DA:165,2
DA:166,2
DA:167,2
DA:168,2
DA:169,1
DA:170,1
DA:171,1
DA:173,1
DA:174,1
DA:175,1
DA:176,1
DA:178,1
DA:179,1
DA:181,1
DA:182,0
DA:183,0
DA:184,1
DA:186,1
DA:187,0
DA:188,0
DA:189,1
DA:190,1
DA:191,1
DA:192,1
DA:197,0
DA:217,0
DA:218,0
DA:219,0
DA:220,0
DA:221,0
DA:222,0
DA:223,0
DA:224,0
DA:225,0
DA:226,0
DA:227,0
DA:228,0
DA:229,0
DA:230,0
DA:231,0
DA:232,0
DA:233,0
DA:234,0
DA:235,0
DA:244,6
DA:283,0
DA:284,0
DA:287,1
DA:300,1
DA:301,1
DA:302,1
DA:303,1
DA:304,1
DA:305,1
DA:306,1
DA:307,1
DA:308,0
DA:309,0
DA:310,0
DA:311,0
DA:315,2
DA:316,2
DA:317,2
DA:318,2
DA:319,2
DA:320,2
DA:321,2
DA:322,2
DA:323,3
DA:324,3
DA:325,3
DA:326,3
DA:327,2
DA:330,2
DA:331,2
DA:332,2
DA:333,2
DA:334,2
DA:335,2
DA:336,2
DA:337,2
DA:338,4
DA:339,3
DA:340,3
DA:341,3
DA:342,2
LF:124
LH:71
end_of_record
SF:lib\core\utils\anomaly_detection.dart
DA:15,1
DA:42,1
DA:47,1
DA:48,1
DA:56,1
DA:57,4
DA:60,9
DA:61,1
DA:64,1
DA:67,2
DA:70,1
DA:74,2
DA:84,2
DA:89,4
DA:94,1
DA:96,3
DA:97,1
DA:99,2
DA:102,6
DA:103,1
DA:105,2
DA:109,1
DA:110,2
DA:111,1
DA:112,1
DA:113,1
DA:114,1
LF:27
LH:27
end_of_record
SF:lib\features\alerts\domain\alert_preferences.dart
DA:23,4
DA:53,3
DA:60,1
DA:61,1
DA:65,5
DA:66,1
DA:67,1
DA:68,1
DA:77,1
DA:78,1
DA:80,2
DA:81,2
DA:87,1
DA:89,4
DA:91,1
DA:92,2
DA:94,2
DA:99,1
DA:102,1
DA:104,1
DA:105,1
DA:106,1
DA:110,1
DA:116,1
DA:117,1
DA:118,1
DA:119,1
DA:120,1
DA:121,1
DA:124,1
DA:125,2
DA:126,2
DA:127,1
DA:130,2
DA:131,1
DA:132,2
DA:133,1
DA:134,1
DA:135,1
DA:141,1
DA:142,1
DA:146,3
DA:148,2
DA:149,2
DA:151,3
DA:154,3
DA:156,2
DA:157,2
DA:161,1
DA:162,1
DA:163,1
DA:166,4
DA:167,1
DA:168,1
DA:169,1
DA:174,1
DA:175,2
DA:177,2
LF:58
LH:58
end_of_record
SF:lib\core\domain\models\controversy.dart
DA:38,6
DA:40,6
DA:41,12
DA:42,12
DA:45,2
DA:46,2
DA:47,1
DA:50,1
DA:51,1
DA:52,1
DA:55,1
DA:56,1
DA:57,1
DA:60,2
DA:63,1
DA:64,1
DA:65,1
DA:68,1
DA:69,1
DA:70,1
DA:83,4
DA:84,4
DA:85,4
DA:86,4
DA:87,3
DA:90,3
DA:91,0
DA:92,0
DA:100,8
DA:131,21
DA:133,0
DA:134,0
DA:136,2
DA:137,2
DA:138,2
DA:139,2
DA:140,2
DA:141,2
DA:142,3
DA:143,2
DA:146,4
DA:147,4
DA:149,16
DA:150,8
DA:152,7
DA:153,8
DA:154,12
DA:155,8
DA:156,7
DA:158,4
DA:159,8
DA:160,6
DA:161,2
LF:53
LH:49
end_of_record
SF:lib\core\theme\app_theme.dart
DA:58,15
DA:59,18
DA:60,18
DA:61,0
DA:121,8
DA:122,4
DA:124,4
DA:125,4
DA:127,4
DA:129,4
DA:133,4
DA:134,4
DA:141,4
DA:142,4
DA:143,4
DA:144,4
DA:145,4
DA:146,4
DA:147,4
DA:150,4
DA:154,4
DA:155,4
DA:159,4
DA:160,4
DA:170,8
DA:171,4
DA:172,4
DA:173,4
DA:177,4
DA:178,4
DA:179,8
DA:182,4
DA:183,4
DA:184,4
DA:185,4
DA:187,8
DA:188,4
DA:191,8
DA:193,8
DA:195,4
DA:198,4
DA:201,4
DA:202,8
DA:205,8
DA:207,4
DA:209,4
DA:210,4
DA:211,4
DA:212,8
DA:214,4
DA:215,4
DA:216,8
DA:218,4
DA:219,4
DA:220,4
DA:222,4
DA:223,4
DA:230,12
DA:231,4
DA:232,4
DA:234,4
DA:235,4
DA:238,4
DA:239,4
DA:242,8
DA:251,4
DA:252,4
DA:255,8
DA:259,4
DA:260,4
DA:261,4
DA:262,8
DA:263,8
DA:267,4
DA:268,4
DA:270,8
DA:274,4
DA:275,4
DA:276,4
DA:277,4
DA:280,4
DA:281,4
DA:284,4
DA:289,4
DA:290,4
DA:293,4
DA:294,4
DA:295,8
DA:297,4
DA:298,4
DA:300,4
DA:301,4
DA:304,8
DA:305,4
DA:307,4
DA:308,4
DA:309,8
DA:311,12
DA:313,4
DA:314,4
DA:318,4
DA:320,4
DA:321,4
DA:323,4
DA:325,4
DA:328,4
DA:329,4
DA:330,0
DA:331,0
DA:333,0
DA:335,4
DA:336,0
DA:337,0
DA:339,8
DA:341,4
DA:342,4
DA:343,4
DA:344,4
DA:345,8
DA:347,12
DA:349,4
DA:350,4
DA:351,8
DA:352,4
DA:355,8
DA:359,4
DA:360,4
DA:361,4
DA:362,8
DA:367,4
DA:372,4
DA:373,4
DA:374,4
DA:379,4
DA:380,8
DA:386,8
DA:387,4
DA:390,4
DA:391,4
DA:394,4
DA:397,4
DA:398,4
DA:401,4
DA:404,4
DA:405,4
DA:407,4
DA:410,4
DA:411,4
DA:413,4
DA:416,4
DA:417,4
DA:419,4
DA:422,4
DA:424,4
DA:427,4
DA:429,4
DA:432,4
DA:435,4
DA:438,4
DA:441,4
DA:444,4
DA:447,4
DA:450,4
DA:453,4
DA:456,4
DA:458,4
DA:461,4
DA:474,5
DA:530,0
DA:531,0
DA:532,0
DA:540,12
DA:541,6
DA:542,24
DA:550,4
DA:551,2
DA:552,2
DA:560,0
DA:561,0
DA:567,0
DA:568,0
DA:569,0
DA:570,0
DA:573,0
DA:591,0
DA:592,0
DA:593,0
DA:594,0
DA:595,0
DA:596,0
DA:597,0
DA:598,0
DA:599,0
DA:600,0
DA:601,0
DA:602,0
DA:603,0
DA:604,0
DA:605,0
DA:606,0
DA:610,1
DA:612,1
DA:613,1
DA:614,3
DA:615,3
DA:616,3
DA:617,3
DA:618,3
DA:619,3
DA:620,3
DA:621,3
DA:622,3
DA:623,3
DA:624,3
DA:625,3
DA:626,3
DA:627,3
DA:628,6
DA:639,6
DA:640,12
LF:220
LH:188
end_of_record
SF:lib\core\theme\theme_controller.dart
DA:19,6
DA:24,2
DA:25,6
DA:27,2
DA:28,5
DA:31,1
DA:32,2
DA:33,1
DA:34,1
DA:38,3
DA:39,1
DA:40,1
DA:41,1
DA:44,0
DA:45,0
DA:46,0
DA:47,0
DA:50,2
DA:51,2
DA:52,2
DA:59,2
DA:60,2
DA:61,1
DA:62,1
DA:65,2
DA:66,2
DA:67,1
DA:68,1
DA:71,1
DA:72,1
DA:73,1
DA:74,1
LF:32
LH:28
end_of_record
SF:lib\core\theme\theme_toggle.dart
DA:15,4
DA:20,2
DA:22,4
DA:23,2
DA:24,6
DA:26,2
DA:27,4
DA:30,5
DA:32,1
DA:33,2
DA:34,1
DA:35,1
DA:41,1
DA:42,1
DA:43,1
DA:44,1
DA:46,1
DA:49,1
DA:50,1
DA:53,1
DA:54,1
DA:55,1
DA:56,1
DA:58,3
DA:59,1
DA:62,1
DA:63,1
DA:64,3
DA:69,1
DA:71,1
DA:76,1
DA:78,2
DA:83,2
DA:90,2
DA:91,2
DA:92,2
DA:93,4
DA:95,2
DA:97,2
DA:98,6
DA:100,2
DA:101,2
DA:102,8
DA:103,2
DA:106,2
DA:109,2
DA:123,4
DA:125,0
DA:127,0
DA:128,0
DA:129,0
LF:51
LH:47
end_of_record
SF:lib\core\utils\controversy_index.dart
DA:16,10
DA:39,18
DA:43,7
DA:47,7
DA:57,12
DA:60,14
DA:62,14
DA:65,7
DA:66,18
DA:67,6
DA:68,30
DA:71,2
DA:75,9
DA:77,7
DA:82,35
DA:84,36
DA:85,28
DA:87,7
DA:89,7
DA:92,7
DA:96,7
DA:97,7
DA:98,7
DA:99,5
DA:100,3
LF:25
LH:25
end_of_record
SF:lib\core\utils\helpers.dart
DA:17,3
DA:19,3
DA:20,3
DA:21,6
DA:22,6
DA:28,2
DA:30,2
DA:31,2
DA:32,2
DA:33,10
DA:35,2
DA:41,2
DA:42,2
DA:43,2
DA:45,4
DA:46,6
DA:47,8
DA:48,4
DA:50,0
DA:54,1
DA:55,2
DA:57,2
DA:58,4
DA:59,0
DA:61,0
DA:65,3
DA:66,3
DA:68,2
DA:76,2
DA:77,2
DA:78,1
DA:83,2
DA:84,2
DA:85,2
DA:86,2
DA:92,1
DA:93,1
DA:94,1
DA:95,1
LF:39
LH:36
end_of_record
SF:lib\features\alerts\data\alert_preferences_store.dart
DA:20,1
DA:21,2
DA:23,0
DA:24,0
DA:25,0
DA:29,0
DA:30,0
DA:45,1
DA:46,1
DA:49,0
DA:50,0
DA:52,0
DA:53,0
LF:13
LH:4
end_of_record
SF:lib\features\controversy\presentation\widgets\controversy_card.dart
DA:13,3
DA:15,3
DA:17,3
DA:19,3
DA:21,1
DA:28,3
DA:30,3
DA:32,3
DA:34,3
DA:36,1
DA:44,3
DA:48,3
DA:49,3
DA:55,3
DA:57,3
DA:58,3
DA:59,6
DA:60,6
DA:62,3
DA:64,3
DA:65,3
DA:66,3
DA:67,3
DA:69,3
DA:70,1
DA:71,3
DA:74,3
DA:76,3
DA:77,3
DA:78,5
DA:79,3
DA:81,3
DA:83,3
DA:84,3
DA:86,3
DA:88,3
DA:91,3
DA:92,3
DA:93,3
DA:94,3
DA:95,3
DA:99,3
DA:100,6
DA:101,3
DA:109,3
DA:110,3
DA:112,3
DA:113,3
DA:114,3
DA:115,9
DA:116,3
DA:121,3
DA:125,3
DA:126,3
DA:127,6
DA:130,3
DA:131,3
DA:132,3
DA:134,3
DA:135,3
DA:136,6
DA:137,3
DA:139,6
DA:145,3
DA:146,3
DA:150,3
DA:154,3
DA:159,3
DA:161,1
DA:163,1
DA:165,1
DA:166,2
DA:167,1
DA:168,1
DA:169,3
DA:173,2
DA:175,0
DA:176,0
DA:177,0
DA:178,0
DA:197,3
DA:202,3
DA:204,3
DA:206,3
DA:207,6
DA:208,3
DA:210,3
DA:211,3
DA:212,3
DA:213,3
DA:223,3
DA:227,3
DA:229,3
DA:230,3
DA:231,3
DA:232,2
DA:235,3
DA:237,3
DA:238,3
DA:239,3
DA:240,6
DA:242,3
DA:244,3
DA:245,3
DA:248,3
DA:251,3
DA:253,3
LF:107
LH:103
end_of_record
SF:lib\features\controversy\presentation\widgets\controversy_section.dart
DA:20,0
DA:29,3
DA:31,3
DA:32,3
DA:34,6
DA:35,1
DA:36,1
DA:37,1
DA:44,1
DA:45,1
DA:46,2
DA:47,2
DA:55,6
DA:56,9
DA:57,3
DA:58,6
DA:59,15
DA:62,3
DA:63,3
DA:65,3
DA:67,3
DA:68,3
DA:71,9
DA:77,3
DA:81,3
DA:85,9
DA:86,3
DA:91,3
DA:92,3
DA:93,3
DA:94,6
DA:96,3
DA:97,9
DA:98,3
DA:99,3
DA:105,3
DA:110,3
DA:111,12
DA:112,6
DA:115,9
DA:117,3
DA:118,3
DA:119,3
DA:120,3
DA:123,3
DA:126,3
DA:127,3
DA:129,9
DA:130,3
DA:143,1
DA:145,4
DA:146,0
DA:147,0
DA:154,3
DA:158,3
DA:160,3
DA:161,3
DA:162,9
DA:164,3
DA:166,3
DA:167,3
DA:168,3
DA:169,3
DA:170,3
DA:175,3
DA:176,6
DA:178,3
DA:180,3
DA:181,3
DA:183,3
DA:184,3
DA:185,9
DA:186,3
DA:195,3
DA:197,3
DA:199,9
DA:200,3
DA:205,3
DA:206,3
DA:207,6
DA:209,9
DA:216,3
DA:217,3
DA:218,3
DA:219,3
DA:220,6
DA:221,3
DA:222,12
DA:223,3
DA:225,3
DA:226,3
DA:227,6
DA:236,6
DA:237,15
DA:238,6
DA:239,12
DA:240,9
DA:241,3
DA:249,3
DA:250,3
DA:251,1
DA:252,1
DA:260,3
DA:263,3
DA:265,3
DA:266,3
DA:269,3
DA:270,3
DA:271,3
DA:272,6
DA:273,3
DA:275,3
LF:112
LH:109
end_of_record
SF:lib\features\privacy\data\data_deletion_service.dart
DA:27,1
DA:42,1
DA:43,5
DA:47,1
DA:64,1
DA:65,1
DA:72,2
DA:74,1
DA:75,1
DA:78,1
DA:80,1
DA:88,1
DA:90,2
DA:92,2
DA:93,3
DA:97,0
DA:98,0
DA:104,1
DA:105,1
DA:106,1
DA:115,0
DA:117,0
DA:120,0
DA:121,0
DA:127,0
DA:129,0
DA:132,0
DA:133,0
DA:140,1
DA:141,1
DA:142,0
DA:146,0
DA:148,0
DA:152,0
DA:153,0
DA:158,0
DA:160,0
DA:162,0
DA:168,0
DA:169,0
DA:174,1
DA:175,1
DA:177,2
DA:178,0
DA:184,1
DA:185,1
DA:187,2
DA:188,0
DA:194,1
DA:196,1
LF:50
LH:28
end_of_record
SF:lib\features\watchlist\data\watchlist_repository.dart
DA:26,3
DA:35,3
DA:36,8
DA:39,3
DA:40,3
DA:43,1
DA:44,2
DA:45,1
DA:47,1
DA:48,1
DA:50,5
DA:54,3
DA:58,1
DA:59,1
DA:62,3
DA:65,1
DA:66,2
DA:68,4
DA:69,2
DA:72,1
DA:73,2
DA:74,2
DA:77,1
DA:78,2
DA:79,2
DA:82,1
DA:86,1
DA:87,2
DA:88,2
DA:97,1
DA:98,1
DA:99,1
DA:100,1
DA:104,0
DA:105,0
DA:108,0
DA:109,0
DA:110,0
DA:112,0
DA:115,0
DA:117,0
DA:118,0
DA:119,0
DA:123,0
DA:128,1
DA:129,1
DA:130,1
DA:134,0
DA:135,0
DA:136,0
DA:137,0
DA:139,0
DA:143,1
DA:144,1
DA:148,2
DA:149,0
DA:155,1
DA:158,1
DA:159,2
DA:160,0
DA:167,1
DA:168,1
DA:169,1
LF:63
LH:45
end_of_record
SF:lib\features\privacy\presentation\widgets\delete_data_tile.dart
DA:16,0
DA:17,0
DA:21,4
DA:23,0
DA:24,0
DA:30,0
DA:31,0
DA:32,0
DA:34,0
DA:54,0
DA:55,0
DA:56,0
DA:59,0
DA:60,0
DA:61,0
DA:62,0
DA:70,0
DA:72,0
DA:74,0
DA:78,0
DA:80,0
DA:81,0
DA:83,0
DA:85,0
DA:86,0
DA:87,0
DA:88,0
DA:89,0
DA:91,0
DA:93,0
DA:98,0
DA:100,0
DA:101,0
DA:103,0
DA:105,0
DA:111,0
DA:113,0
DA:115,0
DA:117,0
DA:118,0
DA:122,0
DA:124,0
DA:125,0
DA:128,0
DA:134,4
DA:138,0
DA:140,0
DA:142,0
DA:144,0
LF:49
LH:2
end_of_record
SF:lib\features\watchlist\presentation\providers\watchlist_providers.dart
DA:9,9
DA:10,6
DA:19,6
DA:20,3
DA:25,12
DA:27,3
DA:28,6
DA:30,6
DA:34,1
DA:35,2
DA:36,3
DA:40,1
DA:41,2
DA:42,3
DA:45,1
DA:46,2
DA:47,3
DA:52,0
DA:53,0
DA:54,0
LF:20
LH:17
end_of_record
SF:lib\features\search\data\repositories\search_repository.dart
DA:10,2
DA:19,2
DA:21,4
DA:22,0
DA:23,0
DA:24,0
DA:26,2
DA:31,0
DA:32,0
DA:33,0
DA:36,0
DA:37,0
DA:40,0
DA:43,0
DA:46,0
DA:47,0
DA:50,0
DA:57,0
DA:59,0
DA:60,0
DA:61,0
DA:62,0
DA:69,0
DA:71,0
DA:72,0
DA:82,0
DA:85,0
DA:88,0
LF:28
LH:4
end_of_record
SF:lib\features\search\presentation\providers\search_providers.dart
DA:15,8
DA:16,2
DA:23,8
DA:24,4
DA:25,2
DA:32,0
DA:33,0
DA:34,0
DA:38,0
DA:39,0
DA:40,0
LF:11
LH:5
end_of_record
SF:lib\features\search\presentation\screens\home_screen.dart
DA:23,0
DA:25,2
DA:26,2
DA:33,2
DA:35,4
DA:36,4
DA:37,2
DA:41,0
DA:42,0
DA:43,0
DA:46,0
DA:49,0
DA:50,0
DA:53,2
DA:55,2
DA:56,2
DA:57,6
DA:59,2
DA:60,2
DA:61,2
DA:62,2
DA:65,2
DA:70,2
DA:71,2
DA:73,2
DA:74,2
DA:75,2
DA:76,2
DA:82,2
DA:84,2
DA:86,2
DA:96,2
DA:97,2
DA:102,2
DA:104,2
DA:106,2
DA:109,2
DA:111,2
DA:112,2
DA:123,2
DA:125,4
DA:129,2
DA:131,6
DA:132,2
DA:138,2
DA:140,2
DA:141,2
DA:142,2
DA:143,4
DA:144,2
DA:146,2
DA:147,2
DA:148,2
DA:149,0
DA:151,4
DA:152,2
DA:154,6
DA:155,2
DA:158,2
DA:160,2
DA:162,2
DA:163,2
DA:164,2
DA:165,6
DA:168,0
DA:169,0
DA:171,0
DA:174,0
DA:175,0
DA:176,0
DA:192,2
DA:195,2
DA:196,2
DA:199,2
DA:217,2
DA:218,0
DA:221,0
DA:222,0
DA:223,0
DA:226,0
DA:229,0
DA:231,0
DA:234,0
DA:235,0
DA:236,0
DA:237,0
DA:238,0
DA:239,0
DA:247,0
DA:250,0
DA:254,0
DA:255,0
DA:256,0
DA:261,0
DA:262,0
DA:263,0
DA:266,0
DA:284,2
DA:293,2
DA:295,6
DA:305,4
DA:307,2
DA:309,2
DA:310,2
DA:311,4
DA:313,2
DA:315,0
DA:318,0
DA:320,0
DA:321,0
DA:322,0
DA:323,0
DA:325,0
DA:327,0
DA:331,0
DA:339,0
DA:343,0
DA:345,0
DA:346,0
DA:347,0
DA:349,0
DA:351,0
DA:352,0
DA:354,0
DA:355,0
DA:356,0
DA:357,0
DA:359,0
DA:361,0
DA:362,0
DA:363,0
DA:364,0
DA:366,0
DA:367,0
DA:368,0
DA:370,0
DA:371,0
DA:372,0
DA:375,0
DA:376,0
DA:381,0
DA:382,0
DA:387,0
DA:388,0
DA:389,0
DA:391,0
DA:392,0
DA:393,0
DA:394,0
DA:402,0
DA:404,0
DA:407,0
DA:408,0
DA:409,0
DA:422,0
DA:427,0
DA:429,0
DA:431,0
DA:435,0
DA:436,0
DA:439,0
DA:440,0
DA:441,0
DA:442,0
DA:449,0
DA:451,0
DA:452,0
DA:455,0
DA:456,0
DA:458,0
DA:459,0
DA:472,4
DA:474,2
DA:478,2
DA:481,2
DA:482,2
DA:484,4
DA:487,0
DA:498,4
DA:500,2
DA:502,2
DA:503,2
DA:505,2
DA:508,2
DA:511,2
DA:512,2
DA:515,2
DA:518,2
DA:520,6
DA:521,2
DA:523,6
DA:524,2
DA:527,2
DA:528,2
DA:529,2
DA:530,2
DA:531,2
DA:532,4
DA:534,2
DA:536,2
DA:537,2
DA:539,2
DA:544,6
DA:545,2
LF:204
LH:102
end_of_record
SF:lib\features\watchlist\domain\watched_figure.dart
DA:12,1
DA:34,1
DA:41,1
DA:42,1
DA:43,1
DA:44,0
DA:45,1
DA:46,1
DA:50,2
DA:51,2
DA:52,2
DA:53,3
DA:54,1
DA:55,3
DA:60,1
DA:61,1
DA:62,2
DA:64,1
DA:66,1
DA:68,3
DA:69,1
DA:70,2
DA:74,0
DA:75,0
LF:24
LH:21
end_of_record
SF:lib\core\domain\models\celebrity.dart
DA:16,6
DA:65,6
DA:67,0
DA:68,0
DA:71,0
DA:83,0
DA:84,0
DA:85,0
DA:86,0
DA:87,0
DA:88,0
DA:89,0
DA:90,0
DA:91,0
DA:92,0
DA:93,0
DA:98,1
DA:99,1
DA:100,2
DA:101,3
DA:102,3
DA:103,3
DA:104,3
DA:105,3
DA:106,3
DA:107,3
DA:112,3
DA:113,3
DA:114,2
DA:115,3
DA:116,3
DA:117,2
DA:119,7
DA:121,3
DA:123,5
DA:124,2
DA:125,3
DA:126,2
DA:127,0
DA:132,1
DA:138,1
DA:140,1
DA:141,1
DA:142,2
DA:144,1
DA:145,2
DA:146,2
DA:147,2
DA:148,2
DA:149,1
DA:150,1
DA:152,1
DA:155,1
DA:156,1
DA:157,2
DA:159,1
DA:160,1
DA:163,1
DA:164,3
DA:165,1
DA:166,1
DA:168,2
DA:169,2
DA:170,1
DA:174,2
DA:175,1
DA:176,1
DA:177,1
DA:178,1
DA:179,1
DA:186,6
DA:202,0
DA:203,0
DA:205,4
DA:206,2
DA:207,2
DA:208,2
DA:209,2
DA:210,8
DA:213,3
DA:214,3
DA:215,3
DA:216,3
DA:217,3
DA:218,8
DA:219,6
DA:225,3
DA:226,3
DA:228,6
DA:229,6
DA:230,1
DA:231,0
DA:233,3
DA:234,1
DA:235,1
DA:236,1
DA:244,3
DA:245,3
LF:98
LH:80
end_of_record
SF:lib\core\domain\models\media_item.dart
DA:15,5
DA:79,0
DA:80,0
DA:83,4
DA:84,4
DA:85,2
DA:86,2
DA:87,2
DA:88,2
DA:89,3
DA:90,2
DA:91,2
DA:92,2
DA:93,2
DA:94,2
DA:95,2
DA:96,2
DA:99,3
DA:100,3
DA:102,3
DA:103,12
DA:104,1
DA:106,3
DA:107,3
DA:108,3
DA:109,3
DA:111,3
DA:112,4
DA:114,3
DA:115,3
DA:116,3
DA:117,3
DA:118,3
DA:119,3
DA:120,3
LF:35
LH:33
end_of_record
SF:lib\core\export\celebrity_export.dart
DA:21,1
DA:22,3
DA:24,2
DA:26,3
DA:31,1
DA:32,1
DA:33,1
DA:34,1
DA:35,1
DA:36,2
DA:37,3
DA:39,1
DA:40,2
DA:41,2
DA:42,2
DA:43,2
DA:44,2
DA:45,2
DA:46,2
DA:47,2
DA:48,2
DA:49,2
DA:50,2
DA:52,2
DA:53,1
DA:54,1
DA:56,1
DA:57,1
DA:58,1
DA:59,1
DA:60,1
DA:61,1
DA:64,2
DA:65,1
DA:66,2
DA:67,1
DA:68,1
DA:69,1
DA:70,1
DA:71,1
DA:72,1
DA:73,1
DA:76,1
DA:78,1
DA:79,1
DA:80,0
DA:81,0
DA:82,0
DA:83,0
DA:84,0
DA:85,0
DA:88,1
DA:94,1
DA:95,1
DA:96,1
DA:97,2
DA:98,1
DA:99,1
DA:100,1
DA:101,2
DA:102,1
DA:103,2
DA:104,2
DA:105,1
DA:108,1
DA:112,1
DA:113,1
DA:114,1
DA:115,1
DA:116,1
DA:117,2
DA:118,1
DA:119,1
DA:120,3
DA:121,1
DA:124,1
DA:128,1
DA:129,4
DA:130,3
DA:131,1
DA:141,1
DA:142,1
DA:143,2
DA:144,3
DA:146,1
DA:149,1
DA:151,2
DA:152,3
DA:154,2
LF:89
LH:83
end_of_record
SF:lib\core\utils\correlation.dart
DA:21,4
DA:22,12
DA:23,1
DA:24,3
DA:27,8
DA:28,3
DA:31,4
DA:32,16
DA:33,16
DA:39,8
DA:40,8
DA:41,8
DA:42,8
DA:43,8
DA:44,8
DA:47,8
DA:48,4
DA:50,4
DA:54,3
DA:55,3
DA:56,3
DA:57,3
DA:58,1
DA:59,1
DA:60,1
DA:61,1
DA:71,4
DA:76,24
DA:78,16
DA:79,16
LF:30
LH:30
end_of_record
SF:lib\features\dashboard\data\celebrity_repository.dart
DA:15,1
DA:20,1
LF:2
LH:2
end_of_record
SF:lib\core\error\failures.dart
DA:13,2
DA:21,0
DA:22,0
DA:27,0
DA:35,1
DA:44,0
DA:45,0
DA:50,0
DA:58,1
DA:66,1
DA:74,0
DA:84,2
DA:92,0
LF:13
LH:5
end_of_record
SF:lib\core\error\result.dart
DA:21,3
DA:24,4
DA:27,6
DA:30,1
DA:32,4
DA:33,3
DA:38,0
DA:42,0
DA:43,0
DA:48,1
DA:50,2
DA:51,2
DA:58,2
DA:64,3
LF:14
LH:11
end_of_record
SF:lib\core\utils\compare_analytics.dart
DA:54,2
DA:59,2
DA:60,1
DA:62,8
DA:63,6
DA:65,2
DA:66,4
DA:67,4
DA:70,8
DA:71,4
DA:72,6
DA:96,2
DA:97,6
DA:100,4
DA:101,4
DA:104,6
DA:105,6
DA:106,2
DA:109,2
DA:110,8
DA:115,2
DA:131,6
DA:133,2
DA:134,2
DA:135,4
DA:141,8
DA:151,2
DA:152,2
DA:154,6
DA:155,8
DA:156,2
DA:157,2
DA:162,2
DA:163,2
DA:165,2
DA:166,2
DA:170,2
DA:171,2
DA:179,3
DA:180,5
DA:181,5
LF:41
LH:41
end_of_record
SF:lib\core\utils\forecasting.dart
DA:12,1
DA:54,2
DA:55,4
DA:57,1
DA:60,2
DA:61,4
DA:66,2
DA:67,2
DA:68,5
DA:69,4
DA:73,1
DA:74,0
DA:77,0
DA:81,1
DA:82,2
DA:84,1
DA:85,2
DA:86,2
DA:87,3
DA:88,1
DA:91,1
LF:21
LH:19
end_of_record
SF:lib\features\dashboard\presentation\providers\media_focus.dart
DA:20,3
DA:35,1
DA:37,5
DA:46,1
DA:47,5
DA:50,1
DA:51,1
DA:53,1
DA:59,2
DA:61,3
DA:65,1
DA:66,1
DA:76,1
DA:77,3
DA:78,3
LF:15
LH:15
end_of_record
SF:lib\features\dashboard\presentation\widgets\evidence_panel.dart
DA:18,1
DA:22,1
DA:23,1
DA:30,1
DA:32,3
DA:34,1
DA:35,1
DA:37,1
DA:39,1
DA:40,1
DA:41,1
DA:42,1
DA:43,4
DA:46,1
DA:48,1
DA:50,1
DA:51,5
DA:52,1
DA:53,1
DA:55,1
DA:56,1
DA:63,1
DA:64,1
DA:66,3
DA:67,1
DA:71,1
DA:72,1
DA:74,1
DA:77,1
DA:86,1
DA:88,1
DA:90,1
DA:92,1
DA:93,2
DA:97,5
DA:99,1
DA:102,1
DA:103,1
DA:104,1
DA:107,1
DA:110,1
DA:111,1
DA:113,3
DA:114,1
DA:126,1
DA:146,1
DA:150,1
DA:152,1
DA:153,2
DA:154,1
DA:156,1
DA:158,1
DA:160,1
DA:162,1
DA:165,1
DA:166,1
DA:168,2
DA:169,1
DA:170,1
DA:172,1
DA:173,3
DA:174,1
DA:177,3
DA:184,1
DA:185,1
DA:186,3
DA:187,3
DA:196,1
DA:198,1
DA:209,1
DA:212,1
DA:215,1
DA:217,1
DA:218,1
DA:219,5
DA:222,1
DA:231,1
DA:232,1
DA:233,1
DA:234,0
DA:235,0
DA:236,0
DA:239,2
DA:240,1
DA:241,0
DA:242,0
DA:243,0
LF:87
LH:81
end_of_record
SF:lib\features\dashboard\presentation\widgets\sentiment_section.dart
DA:31,1
DA:41,1
DA:42,1
DA:55,1
DA:57,1
DA:58,2
DA:59,1
DA:62,1
DA:63,3
DA:64,1
DA:65,3
DA:66,3
DA:67,2
DA:68,4
DA:69,2
DA:72,1
DA:77,1
DA:79,2
DA:80,2
DA:81,1
DA:84,1
DA:86,1
DA:87,1
DA:88,2
DA:90,1
DA:91,1
DA:92,1
DA:93,1
DA:94,2
DA:95,1
DA:97,1
DA:99,1
DA:101,1
DA:103,1
DA:104,1
DA:111,3
DA:118,1
DA:120,1
DA:121,1
DA:122,1
DA:123,1
DA:125,3
DA:126,2
DA:131,1
DA:132,1
DA:134,1
DA:140,1
DA:141,1
DA:143,1
DA:144,2
DA:145,2
DA:154,2
DA:156,1
DA:159,1
DA:160,1
DA:169,1
DA:172,1
DA:174,1
DA:175,1
DA:176,1
DA:177,1
DA:178,1
DA:179,1
DA:186,2
DA:187,3
DA:188,1
DA:190,2
DA:191,2
DA:192,3
DA:195,4
DA:196,2
DA:203,1
DA:205,1
DA:206,1
DA:207,1
DA:210,1
DA:213,1
DA:215,3
DA:216,1
DA:226,2
DA:228,0
DA:232,3
DA:233,1
DA:235,1
DA:236,1
DA:237,1
DA:240,1
DA:243,1
DA:245,3
DA:246,1
DA:252,1
DA:254,1
DA:255,1
DA:256,3
DA:267,1
DA:268,1
DA:270,1
DA:271,1
DA:272,1
DA:273,1
DA:274,1
DA:275,1
DA:276,0
DA:277,0
DA:278,0
DA:280,0
DA:281,0
DA:284,0
DA:285,0
DA:291,1
DA:292,1
DA:294,2
DA:298,1
DA:300,2
DA:304,1
DA:306,2
DA:315,1
DA:318,1
DA:319,1
DA:322,4
DA:325,1
DA:328,4
DA:331,1
DA:334,4
DA:343,1
DA:349,2
DA:353,1
DA:356,2
DA:358,1
DA:367,1
DA:368,2
DA:369,1
DA:371,1
DA:372,1
DA:375,1
DA:378,1
DA:380,2
DA:383,1
DA:385,1
DA:386,1
DA:397,1
DA:402,2
DA:412,1
DA:413,1
DA:414,1
DA:415,7
DA:416,1
DA:419,1
DA:420,2
DA:422,0
DA:423,0
DA:424,0
DA:425,0
DA:426,0
DA:431,5
DA:432,2
DA:433,4
DA:437,4
DA:438,3
DA:439,0
DA:443,1
DA:445,1
DA:446,1
DA:447,1
DA:452,3
DA:454,1
DA:457,1
DA:458,1
DA:463,2
DA:464,2
DA:465,2
DA:469,1
DA:470,1
DA:473,1
DA:474,1
DA:475,2
DA:479,3
DA:480,1
DA:482,1
DA:483,3
DA:484,1
DA:485,1
DA:492,0
DA:493,0
DA:495,0
DA:496,0
DA:497,0
DA:498,0
DA:508,1
DA:511,1
DA:512,1
DA:513,0
DA:514,0
DA:515,0
DA:517,0
DA:518,0
DA:520,0
DA:521,0
DA:523,0
DA:524,0
DA:525,0
DA:526,0
DA:528,0
DA:536,0
DA:540,1
DA:542,1
DA:548,1
DA:550,1
DA:553,1
DA:554,1
DA:555,1
DA:559,1
DA:561,1
DA:562,2
DA:564,1
DA:565,0
DA:569,0
DA:572,1
DA:576,1
DA:582,1
DA:583,0
DA:589,0
DA:590,0
DA:591,0
DA:594,0
DA:598,0
DA:605,1
DA:606,0
DA:607,0
DA:608,0
DA:609,0
DA:610,0
DA:612,0
DA:613,0
DA:616,0
DA:618,0
DA:621,0
DA:634,1
DA:635,2
DA:642,2
DA:644,1
DA:646,1
DA:647,1
DA:648,1
DA:653,0
DA:655,1
DA:658,1
DA:659,1
DA:664,0
DA:665,0
DA:666,0
DA:670,1
DA:671,1
DA:674,0
DA:675,0
DA:676,0
DA:679,0
DA:681,0
DA:682,0
DA:683,0
DA:690,1
DA:692,5
DA:693,1
DA:694,1
DA:695,1
DA:696,1
DA:697,1
DA:698,2
DA:704,1
DA:707,1
DA:708,1
DA:709,1
DA:710,1
DA:711,2
DA:717,1
DA:718,1
DA:719,1
DA:720,0
DA:721,0
DA:722,0
DA:723,0
DA:738,2
DA:739,3
DA:740,2
DA:748,1
DA:760,1
DA:762,1
DA:763,1
DA:765,1
DA:766,2
DA:767,1
DA:768,3
DA:770,1
DA:771,1
DA:772,3
DA:774,1
DA:775,4
DA:776,3
DA:777,1
DA:786,1
DA:787,1
DA:788,2
DA:804,1
DA:808,1
DA:810,1
DA:811,1
DA:813,2
DA:814,2
DA:815,2
DA:816,2
DA:817,2
DA:819,1
DA:821,1
DA:823,1
DA:824,1
DA:825,1
DA:826,1
DA:829,1
DA:832,1
DA:833,2
DA:834,1
DA:835,1
DA:836,5
DA:837,3
DA:838,1
DA:847,1
DA:848,1
DA:849,1
DA:850,3
DA:851,4
DA:852,3
DA:853,1
DA:855,1
DA:857,1
DA:858,1
DA:859,1
DA:861,1
DA:864,1
DA:865,1
DA:866,1
DA:870,1
DA:873,1
DA:875,1
DA:876,1
DA:877,1
DA:878,2
DA:880,1
DA:884,1
DA:885,3
DA:887,1
DA:890,1
DA:892,1
DA:910,2
DA:915,1
DA:917,1
DA:918,1
DA:920,1
DA:921,1
DA:923,1
DA:925,1
DA:926,1
DA:929,1
DA:932,1
DA:933,1
DA:935,3
DA:936,1
DA:941,1
DA:942,1
DA:944,3
DA:945,1
LF:370
LH:304
end_of_record
SF:lib\features\dashboard\presentation\widgets\source_breakdown.dart
DA:17,1
DA:21,1
DA:24,2
DA:25,2
DA:26,2
DA:30,0
DA:32,0
DA:34,0
DA:36,0
DA:38,0
DA:39,0
DA:40,0
DA:43,0
DA:46,0
DA:48,0
DA:52,0
DA:54,0
DA:55,0
DA:56,0
DA:73,0
DA:74,0
DA:75,0
DA:76,0
DA:77,0
DA:79,0
DA:84,0
DA:85,0
DA:86,0
DA:87,0
DA:88,0
DA:89,0
DA:90,0
DA:92,0
DA:97,0
DA:98,0
DA:99,0
DA:100,0
DA:101,0
DA:102,0
DA:104,0
DA:119,0
DA:131,0
DA:133,0
DA:135,0
DA:137,0
DA:138,0
DA:139,0
DA:140,0
DA:142,0
DA:144,0
DA:145,0
DA:147,0
DA:148,0
DA:150,0
DA:151,0
DA:152,0
DA:153,0
DA:156,0
DA:162,0
DA:163,0
DA:164,0
LF:61
LH:5
end_of_record
SF:lib\core\domain\models\search_history.dart
DA:10,1
DA:28,0
DA:29,0
DA:31,0
DA:32,0
DA:33,0
DA:34,0
DA:37,1
DA:41,1
DA:43,2
DA:44,2
DA:46,1
DA:47,2
DA:52,1
DA:57,1
DA:58,1
DA:59,0
DA:60,1
DA:61,1
LF:19
LH:12
end_of_record
SF:lib\features\alerts\data\push_service.dart
DA:25,1
DA:38,1
DA:41,1
DA:42,2
DA:44,1
DA:45,2
DA:47,1
DA:48,1
DA:50,1
DA:51,1
DA:65,0
DA:73,0
DA:81,0
DA:82,0
DA:83,0
DA:84,0
DA:93,0
DA:94,0
DA:98,0
DA:99,0
DA:100,0
DA:101,0
DA:103,0
DA:108,0
DA:109,0
DA:113,0
DA:114,0
DA:115,0
DA:116,0
DA:118,0
DA:123,0
DA:124,0
DA:128,0
DA:132,0
DA:145,0
DA:150,0
DA:153,0
DA:155,0
DA:156,0
DA:157,0
DA:160,0
DA:161,0
DA:162,0
DA:165,0
DA:171,0
DA:172,0
DA:174,0
DA:178,0
DA:179,0
DA:180,0
DA:181,0
DA:182,0
DA:183,0
DA:184,0
LF:54
LH:10
end_of_record
SF:lib\core\security\api_credentials.dart
DA:19,1
DA:23,1
DA:24,2
DA:26,0
DA:27,0
DA:28,0
DA:30,0
DA:31,0
DA:32,0
DA:38,0
DA:40,0
DA:41,0
DA:42,0
DA:47,0
DA:52,0
DA:54,0
DA:56,0
LF:17
LH:3
end_of_record
SF:lib\features\dashboard\data\proxy_celebrity_repository.dart
DA:28,1
DA:29,0
DA:37,1
DA:38,1
DA:40,0
DA:42,0
DA:44,1
DA:48,4
DA:49,1
DA:50,1
DA:51,0
DA:56,2
DA:57,1
DA:58,1
DA:59,1
DA:61,2
DA:62,1
DA:63,1
DA:65,1
DA:67,1
DA:71,4
DA:74,2
DA:75,1
DA:76,2
DA:79,2
DA:80,3
DA:82,2
DA:83,0
DA:84,0
DA:85,0
DA:86,0
DA:87,0
DA:92,2
DA:93,2
DA:94,1
DA:99,0
DA:100,0
DA:102,0
DA:103,0
DA:104,0
DA:110,1
DA:111,1
DA:112,1
DA:113,2
DA:118,0
DA:119,0
DA:124,1
DA:125,1
DA:126,2
DA:130,4
DA:131,1
DA:132,1
DA:133,2
DA:136,1
DA:138,1
DA:139,2
DA:142,1
DA:143,1
DA:145,1
DA:146,1
DA:147,1
DA:152,2
DA:153,0
DA:154,0
DA:155,0
DA:156,1
DA:160,1
DA:161,1
DA:163,1
DA:165,3
DA:166,1
DA:170,1
DA:171,2
DA:172,1
DA:173,1
DA:174,1
DA:175,1
DA:177,1
DA:178,2
DA:180,1
DA:183,1
DA:184,1
DA:185,2
DA:186,1
DA:187,1
DA:188,1
DA:189,1
DA:190,1
DA:193,4
DA:194,1
DA:197,1
DA:199,5
DA:202,1
DA:203,2
DA:204,2
DA:205,2
DA:206,2
DA:207,1
DA:208,1
DA:213,2
DA:214,2
DA:215,1
DA:216,1
DA:217,1
DA:218,1
DA:219,1
DA:220,1
DA:225,1
DA:226,1
DA:227,1
DA:229,1
DA:231,2
DA:233,1
DA:234,2
DA:235,3
DA:236,2
DA:239,1
DA:241,2
DA:242,2
DA:248,0
LF:120
LH:100
end_of_record
SF:lib\core\constants\api_config.dart
DA:43,1
DA:44,1
DA:51,0
DA:52,0
LF:4
LH:2
end_of_record
SF:lib\features\dashboard\data\firestore_celebrity_repository.dart
DA:29,0
DA:34,0
DA:46,0
DA:48,0
DA:51,0
DA:52,0
DA:53,0
DA:56,0
DA:60,0
DA:61,0
DA:62,0
DA:69,0
DA:71,0
DA:75,0
DA:77,0
DA:78,0
DA:79,0
DA:81,0
DA:82,0
DA:83,0
DA:85,0
DA:86,0
DA:88,0
DA:89,0
DA:90,0
DA:94,0
DA:95,0
DA:96,0
DA:97,0
DA:98,0
DA:99,0
DA:101,0
DA:105,0
DA:106,0
DA:107,0
DA:109,0
DA:118,0
DA:120,0
DA:123,0
DA:124,0
DA:130,0
LF:41
LH:0
end_of_record
SF:lib\features\dashboard\presentation\providers\dashboard_providers.dart
DA:24,0
DA:25,0
DA:26,0
DA:27,0
DA:32,3
DA:36,0
DA:37,0
DA:39,0
DA:42,0
DA:43,0
DA:48,0
DA:52,0
DA:53,0
DA:55,0
DA:58,0
DA:59,0
LF:16
LH:1
end_of_record
SF:lib\features\sentiment\presentation\screens\compare_screen.dart
DA:33,0
DA:35,1
DA:36,1
DA:50,1
DA:51,4
DA:53,1
DA:55,2
DA:56,1
DA:59,1
DA:60,2
DA:61,3
DA:63,2
DA:64,2
DA:65,2
DA:69,4
DA:72,0
DA:73,0
DA:74,0
DA:75,0
DA:79,1
DA:81,1
DA:82,1
DA:85,1
DA:86,2
DA:87,4
DA:88,2
DA:89,2
DA:91,2
DA:92,3
DA:96,1
DA:97,1
DA:98,1
DA:100,0
DA:103,1
DA:104,3
DA:105,1
DA:107,1
DA:108,1
DA:111,2
DA:113,1
DA:114,2
DA:121,1
DA:123,1
DA:125,1
DA:127,1
DA:131,3
DA:132,1
DA:136,5
DA:137,1
DA:138,1
DA:139,3
DA:141,3
DA:143,1
DA:144,1
DA:145,1
DA:147,0
DA:148,1
DA:149,2
DA:151,1
DA:157,3
DA:158,1
DA:159,1
DA:160,4
DA:163,1
DA:171,1
DA:177,1
DA:181,1
DA:185,1
DA:186,1
DA:187,1
DA:190,1
DA:193,1
DA:195,3
DA:196,1
DA:203,3
DA:204,1
DA:206,1
DA:207,1
DA:208,1
DA:209,2
DA:211,1
DA:212,1
DA:213,3
DA:216,2
DA:221,1
DA:223,1
DA:224,1
DA:225,1
DA:226,2
DA:228,1
DA:229,1
DA:230,1
DA:231,1
DA:234,1
DA:237,1
DA:239,2
DA:252,1
DA:253,1
DA:254,1
DA:255,1
DA:256,3
DA:258,1
DA:261,1
DA:263,0
DA:264,0
DA:265,0
DA:273,1
DA:274,2
DA:284,3
DA:285,3
DA:286,1
DA:288,1
DA:289,2
DA:290,3
DA:295,1
DA:297,1
DA:298,1
DA:299,1
DA:300,2
DA:301,1
DA:303,1
DA:305,1
DA:306,3
DA:308,1
DA:310,1
DA:311,1
DA:312,1
DA:317,1
DA:318,2
DA:320,1
DA:323,1
DA:324,1
DA:329,2
DA:330,2
DA:331,1
DA:332,1
DA:338,1
DA:339,1
DA:342,4
DA:346,1
DA:347,1
DA:348,3
DA:351,1
DA:353,1
DA:354,2
DA:355,1
DA:356,1
DA:365,1
DA:369,4
DA:370,1
DA:371,3
DA:374,1
DA:375,1
DA:376,3
DA:377,2
DA:378,4
DA:381,1
DA:387,1
DA:388,1
DA:391,2
DA:395,1
DA:399,1
DA:405,1
DA:409,4
DA:410,1
DA:411,3
DA:412,1
DA:414,1
DA:415,1
DA:417,1
DA:418,2
DA:419,1
DA:421,1
DA:426,1
DA:440,1
DA:441,2
DA:443,2
DA:444,1
DA:445,3
DA:448,1
DA:451,1
DA:452,1
DA:453,1
DA:454,2
DA:455,1
DA:457,1
DA:459,1
DA:460,3
DA:462,2
DA:463,3
DA:465,3
DA:466,1
DA:470,1
DA:471,1
DA:474,1
DA:475,1
DA:476,1
DA:477,2
DA:479,1
DA:480,1
DA:481,1
DA:482,1
DA:484,1
DA:485,1
DA:486,3
DA:487,3
DA:489,1
DA:495,1
DA:496,1
DA:497,3
DA:498,2
DA:501,3
DA:502,3
DA:503,1
DA:511,1
DA:512,1
DA:513,3
DA:515,1
DA:518,1
DA:535,1
DA:536,1
DA:537,2
DA:538,5
DA:548,1
DA:552,1
DA:554,1
DA:555,1
DA:558,5
DA:559,1
DA:560,3
DA:563,2
DA:565,4
DA:567,1
DA:568,5
DA:570,1
DA:573,1
DA:574,1
DA:575,1
DA:576,2
DA:578,1
DA:580,1
DA:581,3
DA:583,1
DA:585,3
DA:586,1
DA:590,2
DA:591,1
DA:592,1
DA:593,1
DA:596,1
DA:602,1
DA:603,1
DA:607,3
DA:608,1
DA:613,1
DA:614,2
DA:615,3
DA:616,1
DA:623,1
DA:624,1
DA:625,1
DA:626,1
DA:627,2
DA:628,1
DA:632,3
DA:633,1
DA:639,1
DA:640,2
DA:642,3
DA:643,2
DA:644,2
DA:645,3
DA:646,1
DA:660,1
DA:661,1
DA:662,2
DA:663,3
DA:668,1
DA:669,1
DA:670,5
DA:675,1
DA:680,1
DA:682,1
DA:685,1
DA:686,1
DA:687,1
DA:688,2
DA:689,2
DA:690,3
DA:717,1
DA:721,1
DA:723,1
DA:724,1
DA:726,1
DA:727,4
DA:732,6
DA:739,1
DA:742,1
DA:743,1
DA:744,1
DA:745,2
DA:746,1
DA:748,1
DA:750,1
DA:751,3
DA:753,1
DA:756,3
DA:757,1
DA:761,1
DA:763,1
DA:764,1
DA:767,1
DA:768,2
DA:769,2
DA:776,1
DA:778,1
DA:780,2
DA:782,2
DA:785,1
DA:786,3
DA:787,1
DA:788,3
DA:789,1
DA:790,3
DA:793,1
DA:794,1
DA:795,3
DA:803,1
DA:806,1
DA:807,4
DA:808,1
DA:810,1
DA:811,1
DA:814,3
DA:817,1
DA:818,3
DA:819,1
DA:821,1
DA:837,2
DA:841,1
DA:843,1
DA:844,1
DA:846,1
DA:849,1
DA:850,1
DA:851,1
DA:852,2
DA:854,1
DA:855,1
DA:857,4
LF:350
LH:340
end_of_record
SF:lib\core\security\safe_url.dart
DA:29,1
DA:31,1
DA:32,1
DA:34,1
DA:37,1
DA:45,1
DA:46,3
DA:47,1
DA:48,2
DA:51,2
DA:57,1
DA:58,1
DA:60,1
DA:61,2
LF:14
LH:14
end_of_record
SF:lib\features\dashboard\presentation\widgets\media_feed_section.dart
DA:23,1
DA:32,1
DA:33,1
DA:40,1
DA:41,7
DA:43,1
DA:45,1
DA:46,2
DA:47,8
DA:48,3
DA:49,1
DA:50,1
DA:53,0
DA:54,1
DA:58,1
DA:60,1
DA:61,1
DA:62,2
DA:63,3
DA:69,4
DA:70,1
DA:71,6
DA:72,5
DA:73,3
DA:76,1
DA:77,0
DA:78,0
DA:79,0
DA:80,0
DA:82,0
DA:83,0
DA:84,0
DA:85,0
DA:93,1
DA:94,1
DA:95,1
DA:97,3
DA:98,1
DA:99,1
DA:101,2
DA:104,1
DA:106,1
DA:107,1
DA:109,1
DA:111,1
DA:112,1
DA:119,3
DA:125,1
DA:126,1
DA:127,3
DA:128,3
DA:129,1
DA:130,2
DA:131,1
DA:132,3
DA:133,1
DA:139,1
DA:142,1
DA:143,1
DA:145,1
DA:146,1
DA:147,0
DA:149,1
DA:150,2
DA:151,1
DA:152,1
DA:153,1
DA:154,2
DA:155,1
DA:156,4
DA:163,1
DA:164,0
DA:166,0
DA:168,0
DA:172,1
DA:173,2
DA:175,2
DA:176,1
DA:177,3
DA:178,2
DA:179,2
DA:191,1
DA:206,0
DA:210,0
DA:212,0
DA:219,0
DA:220,0
DA:224,0
DA:225,0
DA:226,0
DA:227,0
DA:231,1
DA:233,1
DA:234,1
DA:235,3
DA:237,1
DA:238,1
DA:242,1
DA:244,1
DA:245,1
DA:246,1
DA:247,1
DA:248,1
DA:249,2
DA:250,1
DA:253,1
DA:255,1
DA:256,1
DA:257,0
DA:258,1
DA:260,1
DA:262,1
DA:263,2
DA:265,1
DA:266,1
DA:268,1
DA:269,1
DA:270,2
DA:273,3
DA:274,1
DA:280,1
DA:281,1
DA:282,1
DA:285,1
DA:291,1
DA:292,1
DA:293,2
DA:296,3
DA:297,1
DA:301,3
DA:302,1
DA:304,3
DA:305,1
DA:308,1
DA:309,3
DA:310,2
DA:317,3
DA:319,1
DA:320,2
DA:321,2
DA:330,1
DA:333,1
DA:350,1
DA:355,1
DA:357,1
DA:358,1
DA:359,1
DA:363,1
DA:364,3
DA:366,1
DA:368,1
DA:369,1
DA:370,1
DA:372,1
DA:373,2
DA:374,1
DA:387,1
DA:392,1
DA:395,1
DA:397,1
DA:400,1
DA:402,5
DA:405,1
DA:406,1
DA:407,1
DA:410,1
DA:412,1
DA:413,2
DA:414,0
DA:415,0
DA:417,0
DA:418,0
DA:421,1
DA:422,3
DA:423,1
DA:424,1
DA:426,1
DA:427,1
DA:447,1
DA:461,1
DA:463,1
DA:464,4
DA:465,1
DA:467,1
DA:468,1
DA:469,1
DA:470,1
DA:472,1
DA:473,3
DA:474,1
DA:475,1
DA:476,3
DA:479,1
DA:480,3
DA:481,1
DA:482,2
DA:496,1
DA:499,1
DA:501,1
DA:502,1
DA:505,1
DA:506,1
DA:507,1
DA:508,2
DA:509,1
DA:511,1
DA:518,1
DA:519,1
DA:520,1
DA:521,0
DA:524,1
DA:525,1
DA:526,1
DA:527,0
DA:530,1
DA:531,1
DA:532,1
DA:533,0
LF:218
LH:188
end_of_record
SF:lib\features\share\data\card_renderer.dart
DA:36,0
DA:37,0
DA:40,0
DA:43,0
DA:46,0
DA:47,0
DA:48,0
DA:49,0
DA:50,0
DA:51,0
DA:59,0
DA:63,0
DA:66,0
DA:67,0
DA:69,0
DA:70,0
DA:72,0
DA:76,0
DA:78,0
DA:82,0
DA:84,0
DA:91,0
DA:94,0
DA:95,0
DA:97,0
DA:98,0
DA:102,0
DA:104,0
DA:107,0
DA:117,1
DA:118,1
DA:120,1
DA:121,2
DA:123,1
DA:129,0
DA:133,0
DA:135,0
DA:136,0
DA:138,0
DA:140,0
DA:144,0
DA:145,0
DA:146,0
DA:148,0
DA:149,0
LF:45
LH:5
end_of_record
SF:lib\features\share\presentation\widgets\share_card.dart
DA:38,1
DA:42,1
DA:44,2
DA:45,4
DA:47,1
DA:48,1
DA:49,1
DA:50,1
DA:52,1
DA:54,1
DA:56,1
DA:57,2
DA:66,1
DA:67,1
DA:69,1
DA:70,1
DA:71,1
DA:73,2
DA:75,1
DA:76,3
DA:77,2
DA:78,2
DA:79,2
DA:83,1
DA:84,1
DA:86,2
DA:87,1
DA:88,2
DA:96,3
DA:99,3
DA:107,1
DA:108,1
DA:109,1
DA:110,1
DA:116,1
DA:120,1
DA:122,1
DA:123,1
DA:124,5
DA:126,1
DA:127,1
DA:130,1
DA:131,1
DA:132,2
DA:144,1
DA:145,3
DA:163,1
DA:168,1
DA:170,1
DA:178,1
DA:179,6
DA:188,1
DA:190,0
DA:193,0
DA:195,0
DA:197,0
DA:198,0
DA:199,0
DA:201,0
DA:202,0
DA:210,1
DA:222,1
DA:224,1
DA:226,1
DA:228,1
DA:229,1
DA:231,1
DA:234,1
DA:235,1
DA:236,2
DA:247,1
DA:248,1
DA:249,1
DA:250,1
DA:258,1
DA:259,1
DA:275,1
DA:280,1
DA:282,3
DA:284,1
DA:287,1
DA:289,1
DA:290,1
DA:292,1
DA:294,1
DA:295,1
DA:296,1
DA:298,6
DA:307,1
DA:308,1
DA:320,1
DA:321,1
DA:322,1
DA:324,1
DA:326,1
DA:327,1
DA:331,1
DA:332,1
DA:333,1
DA:334,1
DA:335,1
DA:337,1
DA:338,2
DA:339,1
DA:340,2
DA:347,1
DA:348,1
DA:349,1
DA:360,2
DA:362,1
DA:363,2
DA:373,2
DA:374,1
DA:375,3
DA:384,1
DA:385,1
DA:386,5
DA:387,2
DA:390,1
DA:391,1
DA:392,1
DA:393,1
DA:394,1
DA:403,1
DA:407,1
DA:409,1
DA:411,1
DA:412,1
DA:413,1
DA:416,1
DA:427,2
DA:429,2
DA:444,1
DA:445,1
DA:446,3
DA:447,3
DA:448,2
LF:137
LH:129
end_of_record
