SF:lib\features\account\domain\account_upgrade.dart
DA:45,1
DA:65,4
DA:71,4
DA:81,1
DA:85,1
DA:89,1
DA:90,1
DA:98,1
DA:99,2
DA:100,2
DA:103,3
DA:109,3
DA:111,1
DA:112,5
LF:14
LH:14
end_of_record
SF:lib\core\domain\models\sentiment_data.dart
DA:18,2
DA:39,0
DA:40,0
DA:42,2
DA:43,1
DA:44,1
DA:45,1
DA:48,1
DA:49,1
DA:50,1
DA:51,1
DA:52,1
DA:59,7
DA:130,3
DA:131,9
DA:138,0
DA:139,0
DA:140,0
DA:141,0
DA:142,0
DA:143,0
DA:144,0
DA:147,0
DA:148,0
DA:149,0
DA:150,0
DA:151,0
DA:152,0
DA:153,0
DA:154,0
DA:155,0
DA:156,0
DA:157,0
DA:158,0
DA:159,0
DA:160,0
DA:163,1
DA:164,1
DA:165,2
DA:166,2
DA:167,2
DA:168,2
DA:169,1
DA:170,1
DA:171,1
DA:173,1
DA:174,1
DA:175,1
DA:176,1
DA:178,1
DA:179,1
DA:181,1
DA:182,0
DA:183,0
DA:184,1
DA:186,1
DA:187,0
DA:188,0
DA:189,1
DA:190,1
DA:191,1
DA:192,1
DA:197,0
DA:217,0
DA:218,0
DA:219,0
DA:220,0
DA:221,0
DA:222,0
DA:223,0
DA:224,0
DA:225,0
DA:226,0
DA:227,0
DA:228,0
DA:229,0
DA:230,0
DA:231,0
DA:232,0
DA:233,0
DA:234,0
DA:235,0
DA:244,6
DA:283,0
DA:284,0
DA:287,1
DA:300,1
DA:301,1
DA:302,1
DA:303,1
DA:304,1
DA:305,1
DA:306,1
DA:307,1
DA:308,0
DA:309,0
DA:310,0
DA:311,0
DA:315,2
DA:316,2
DA:317,2
DA:318,2
DA:319,2
DA:320,2
DA:321,2
DA:322,2
DA:323,3
DA:324,3
DA:325,3
DA:326,3
DA:327,2
DA:330,2
DA:331,2
DA:332,2
DA:333,2
DA:334,2
DA:335,2
DA:336,2
DA:337,2
DA:338,4
DA:339,3
DA:340,3
DA:341,3
DA:342,2
LF:124
LH:71
end_of_record
SF:lib\core\utils\anomaly_detection.dart
DA:15,1
DA:42,1
DA:47,1
DA:48,1
DA:56,1
DA:57,4
DA:60,9
DA:61,1
DA:64,1
DA:67,2
DA:70,1
DA:74,2
DA:84,2
DA:89,4
DA:94,1
DA:96,3
DA:97,1
DA:99,2
DA:102,6
DA:103,1
DA:105,2
DA:109,1
DA:110,2
DA:111,1
DA:112,1
DA:113,1
DA:114,1
LF:27
LH:27
end_of_record
SF:lib\features\alerts\domain\alert_preferences.dart
DA:23,4
DA:53,3
DA:60,1
DA:61,1
DA:65,5
DA:66,1
DA:67,1
DA:68,1
DA:77,1
DA:78,1
DA:80,2
DA:81,2
DA:87,1
DA:89,4
DA:91,1
DA:92,2
DA:94,2
DA:99,1
DA:102,1
DA:104,1
DA:105,1
DA:106,1
DA:110,1
DA:116,1
DA:117,1
DA:118,1
DA:119,1
DA:120,1
DA:121,1
DA:124,1
DA:125,2
DA:126,2
DA:127,1
DA:130,2
DA:131,1
DA:132,2
DA:133,1
DA:134,1
DA:135,1
DA:141,1
DA:142,1
DA:146,3
DA:148,2
DA:149,2
DA:151,3
DA:154,3
DA:156,2
DA:157,2
DA:161,1
DA:162,1
DA:163,1
DA:166,4
DA:167,1
DA:168,1
DA:169,1
DA:174,1
DA:175,2
DA:177,2
LF:58
LH:58
end_of_record
SF:lib\core\domain\models\controversy.dart
DA:38,6
DA:40,6
DA:41,12
DA:42,12
DA:45,2
DA:46,2
DA:47,1
DA:50,1
DA:51,1
DA:52,1
DA:55,1
DA:56,1
DA:57,1
DA:60,2
DA:63,1
DA:64,1
DA:65,1
DA:68,1
DA:69,1
DA:70,1
DA:83,4
DA:84,4
DA:85,4
DA:86,4
DA:87,3
DA:90,3
DA:91,0
DA:92,0
DA:100,9
DA:131,24
DA:133,0
DA:134,0
DA:136,2
DA:137,2
DA:138,2
DA:139,2
DA:140,2
DA:141,2
DA:142,3
DA:143,2
DA:146,4
DA:147,4
DA:149,16
DA:150,8
DA:152,7
DA:153,8
DA:154,12
DA:155,8
DA:156,7
DA:158,4
DA:159,8
DA:160,6
DA:161,2
LF:53
LH:49
end_of_record
SF:lib\core\security\safe_url.dart
DA:29,2
DA:31,2
DA:32,2
DA:34,2
DA:37,2
DA:45,2
DA:46,6
DA:47,2
DA:48,4
DA:51,4
DA:57,2
DA:58,2
DA:60,2
DA:61,4
LF:14
LH:14
end_of_record
SF:lib\core\theme\app_theme.dart
DA:58,24
DA:59,27
DA:60,27
DA:61,0
DA:121,14
DA:122,4
DA:124,7
DA:125,7
DA:127,7
DA:129,7
DA:133,7
DA:134,7
DA:141,7
DA:142,7
DA:143,7
DA:144,7
DA:145,7
DA:146,7
DA:147,7
DA:150,7
DA:154,7
DA:155,7
DA:159,7
DA:160,7
DA:170,14
DA:171,7
DA:172,7
DA:173,7
DA:177,7
DA:178,7
DA:179,14
DA:182,7
DA:183,7
DA:184,7
DA:185,7
DA:187,14
DA:188,7
DA:191,14
DA:193,14
DA:195,7
DA:198,7
DA:201,7
DA:202,14
DA:205,14
DA:207,7
DA:209,7
DA:210,7
DA:211,7
DA:212,14
DA:214,7
DA:215,7
DA:216,14
DA:218,7
DA:219,7
DA:220,7
DA:222,7
DA:223,7
DA:230,21
DA:231,7
DA:232,7
DA:234,7
DA:235,7
DA:238,7
DA:239,7
DA:242,14
DA:251,7
DA:252,7
DA:255,14
DA:259,7
DA:260,7
DA:261,7
DA:262,14
DA:263,14
DA:267,7
DA:268,7
DA:270,14
DA:274,7
DA:275,7
DA:276,7
DA:277,7
DA:280,7
DA:281,7
DA:284,7
DA:289,7
DA:290,7
DA:293,7
DA:294,7
DA:295,14
DA:297,7
DA:298,7
DA:300,7
DA:301,7
DA:304,14
DA:305,7
DA:307,7
DA:308,7
DA:309,14
DA:311,21
DA:313,7
DA:314,7
DA:318,7
DA:320,7
DA:321,7
DA:323,7
DA:325,7
DA:328,7
DA:329,7
DA:330,0
DA:331,0
DA:333,0
DA:335,7
DA:336,0
DA:337,0
DA:339,14
DA:341,7
DA:342,7
DA:343,7
DA:344,7
DA:345,14
DA:347,21
DA:349,7
DA:350,7
DA:351,14
DA:352,7
DA:355,14
DA:359,7
DA:360,7
DA:361,7
DA:362,14
DA:367,7
DA:372,7
DA:373,7
DA:374,7
DA:379,7
DA:380,14
DA:386,14
DA:387,7
DA:390,7
DA:391,7
DA:394,7
DA:397,7
DA:398,7
DA:401,7
DA:404,7
DA:405,7
DA:407,7
DA:410,7
DA:411,7
DA:413,7
DA:416,7
DA:417,7
DA:419,7
DA:422,7
DA:424,7
DA:427,7
DA:429,7
DA:432,7
DA:435,7
DA:438,7
DA:441,7
DA:444,7
DA:447,7
DA:450,7
DA:453,7
DA:456,7
DA:458,7
DA:461,7
DA:474,5
DA:530,0
DA:531,0
DA:532,0
DA:540,16
DA:541,8
DA:542,32
DA:550,4
DA:551,2
DA:552,2
DA:560,0
DA:561,0
DA:567,0
DA:568,0
DA:569,0
DA:570,0
DA:573,0
DA:591,0
DA:592,0
DA:593,0
DA:594,0
DA:595,0
DA:596,0
DA:597,0
DA:598,0
DA:599,0
DA:600,0
DA:601,0
DA:602,0
DA:603,0
DA:604,0
DA:605,0
DA:606,0
DA:610,1
DA:612,1
DA:613,1
DA:614,3
DA:615,3
DA:616,3
DA:617,3
DA:618,3
DA:619,3
DA:620,3
DA:621,3
DA:622,3
DA:623,3
DA:624,3
DA:625,3
DA:626,3
DA:627,3
DA:628,6
DA:639,9
DA:640,18
LF:220
LH:188
end_of_record
SF:lib\core\theme\theme_controller.dart
DA:19,9
DA:24,3
DA:25,8
DA:27,3
DA:28,7
DA:31,1
DA:32,2
DA:33,1
DA:34,1
DA:38,3
DA:39,1
DA:40,1
DA:41,1
DA:44,0
DA:45,0
DA:46,0
DA:47,0
DA:50,3
DA:51,3
DA:52,3
DA:59,3
DA:60,3
DA:61,1
DA:62,1
DA:65,3
DA:66,3
DA:67,1
DA:68,1
DA:71,1
DA:72,1
DA:73,1
DA:74,1
LF:32
LH:28
end_of_record
SF:lib\core\theme\theme_toggle.dart
DA:15,4
DA:20,3
DA:22,6
DA:23,3
DA:24,9
DA:26,3
DA:27,6
DA:30,5
DA:32,1
DA:33,2
DA:34,1
DA:35,1
DA:41,1
DA:42,1
DA:43,1
DA:44,1
DA:46,1
DA:49,1
DA:50,1
DA:53,1
DA:54,1
DA:55,1
DA:56,1
DA:58,3
DA:59,1
DA:62,1
DA:63,1
DA:64,3
DA:69,1
DA:71,1
DA:76,1
DA:78,3
DA:83,2
DA:90,2
DA:91,2
DA:92,2
DA:93,4
DA:95,2
DA:97,2
DA:98,6
DA:100,2
DA:101,2
DA:102,8
DA:103,2
DA:106,2
DA:109,2
DA:123,4
DA:125,1
DA:127,2
DA:128,1
DA:129,4
LF:51
LH:51
end_of_record
SF:lib\core\utils\controversy_index.dart
DA:16,11
DA:39,21
DA:43,8
DA:47,8
DA:57,14
DA:60,16
DA:62,16
DA:65,8
DA:66,21
DA:67,7
DA:68,35
DA:71,3
DA:75,10
DA:77,8
DA:82,40
DA:84,42
DA:85,32
DA:87,8
DA:89,8
DA:92,8
DA:96,8
DA:97,8
DA:98,8
DA:99,6
DA:100,3
LF:25
LH:25
end_of_record
SF:lib\core\utils\helpers.dart
DA:17,3
DA:19,3
DA:20,3
DA:21,6
DA:22,6
DA:28,3
DA:30,3
DA:31,3
DA:32,3
DA:33,15
DA:35,3
DA:41,2
DA:42,2
DA:43,2
DA:45,4
DA:46,6
DA:47,8
DA:48,4
DA:50,0
DA:54,1
DA:55,2
DA:57,2
DA:58,4
DA:59,0
DA:61,0
DA:65,4
DA:66,4
DA:68,2
DA:76,2
DA:77,2
DA:78,1
DA:83,3
DA:84,3
DA:85,3
DA:86,2
DA:92,2
DA:93,2
DA:94,2
DA:95,1
LF:39
LH:36
end_of_record
SF:lib\features\account\data\account_service.dart
DA:19,0
DA:26,0
DA:27,0
DA:28,0
DA:29,0
DA:32,0
DA:34,0
DA:37,0
DA:40,0
DA:47,0
DA:48,0
DA:53,0
DA:57,0
DA:62,0
DA:63,0
DA:64,0
DA:65,0
DA:68,0
DA:77,0
DA:78,0
DA:80,0
DA:82,0
DA:86,0
DA:87,0
DA:88,0
DA:89,0
DA:92,0
DA:93,0
DA:95,0
DA:100,0
DA:106,0
DA:107,0
DA:109,0
DA:111,0
DA:112,0
DA:113,0
DA:122,0
DA:123,0
DA:127,0
DA:130,0
DA:134,0
DA:135,0
DA:137,0
DA:143,0
DA:144,0
DA:146,0
DA:147,0
DA:148,0
DA:149,0
LF:49
LH:0
end_of_record
SF:lib\features\account\presentation\providers\account_providers.dart
DA:10,0
DA:11,0
DA:16,0
DA:19,0
DA:20,0
DA:23,0
DA:24,0
DA:28,0
DA:31,0
DA:34,0
DA:35,0
DA:36,0
DA:39,0
DA:41,0
DA:49,0
DA:50,0
DA:51,0
DA:54,0
DA:59,0
DA:60,0
DA:64,0
DA:65,0
DA:67,0
DA:73,0
DA:74,0
LF:25
LH:0
end_of_record
SF:lib\features\watchlist\presentation\providers\watchlist_providers.dart
DA:9,9
DA:10,6
DA:19,6
DA:20,3
DA:25,12
DA:27,3
DA:28,6
DA:30,6
DA:34,1
DA:35,2
DA:36,3
DA:40,1
DA:41,2
DA:42,3
DA:45,1
DA:46,2
DA:47,3
DA:52,0
DA:53,0
DA:54,0
LF:20
LH:17
end_of_record
SF:lib\features\account\presentation\widgets\account_tile.dart
DA:17,4
DA:19,0
DA:21,0
DA:22,0
DA:24,0
DA:27,0
DA:29,0
DA:30,0
DA:31,0
DA:32,0
DA:33,0
DA:34,0
DA:36,0
DA:39,0
DA:46,0
DA:47,0
DA:49,0
DA:56,0
DA:57,0
DA:58,0
DA:61,0
DA:62,0
DA:69,0
DA:70,0
DA:73,0
DA:75,0
DA:76,0
DA:77,0
DA:78,0
DA:82,0
DA:85,0
DA:88,0
DA:90,0
DA:92,0
DA:96,0
DA:101,0
DA:109,0
DA:111,0
DA:113,0
DA:114,0
DA:115,0
LF:41
LH:1
end_of_record
SF:lib\features\alerts\data\alert_preferences_store.dart
DA:20,1
DA:21,2
DA:23,0
DA:24,0
DA:25,0
DA:29,0
DA:30,0
DA:45,1
DA:46,1
DA:49,0
DA:50,0
DA:52,0
DA:53,0
LF:13
LH:4
end_of_record
SF:lib\features\controversy\presentation\widgets\controversy_card.dart
DA:15,4
DA:17,4
DA:19,4
DA:21,4
DA:23,2
DA:30,4
DA:32,4
DA:34,4
DA:36,4
DA:38,2
DA:46,4
DA:50,4
DA:51,4
DA:57,4
DA:59,4
DA:60,4
DA:61,8
DA:62,8
DA:64,4
DA:66,4
DA:67,4
DA:68,4
DA:69,4
DA:71,4
DA:72,1
DA:73,4
DA:76,4
DA:78,4
DA:79,4
DA:80,10
DA:81,4
DA:83,4
DA:85,4
DA:86,4
DA:88,4
DA:90,4
DA:93,4
DA:94,4
DA:95,4
DA:96,4
DA:97,4
DA:101,4
DA:102,8
DA:103,4
DA:111,4
DA:112,4
DA:114,4
DA:115,4
DA:116,4
DA:117,12
DA:118,4
DA:123,4
DA:127,4
DA:128,4
DA:129,8
DA:132,4
DA:133,4
DA:134,4
DA:136,4
DA:137,4
DA:138,8
DA:139,4
DA:141,8
DA:147,4
DA:148,4
DA:152,4
DA:156,4
DA:161,4
DA:163,2
DA:165,2
DA:167,2
DA:168,4
DA:169,2
DA:170,2
DA:171,6
DA:175,5
DA:177,2
DA:193,4
DA:198,4
DA:200,4
DA:202,4
DA:203,8
DA:204,4
DA:206,4
DA:207,4
DA:208,4
DA:209,4
DA:219,4
DA:223,4
DA:225,4
DA:226,4
DA:227,4
DA:228,2
DA:231,4
DA:233,4
DA:234,4
DA:235,4
DA:236,8
DA:238,4
DA:240,4
DA:241,4
DA:244,4
DA:247,4
DA:249,4
DA:274,1
DA:278,1
DA:280,1
DA:281,1
DA:283,1
DA:285,1
DA:286,1
DA:288,3
DA:289,1
DA:296,1
DA:299,3
DA:307,1
DA:311,0
DA:312,0
DA:313,0
DA:316,0
DA:317,0
DA:322,1
DA:324,1
DA:325,1
DA:327,2
DA:328,3
DA:330,1
DA:333,1
DA:334,1
DA:335,1
DA:336,2
DA:338,1
DA:340,1
DA:341,1
DA:344,1
DA:347,1
DA:348,1
DA:352,3
DA:353,1
DA:364,1
DA:366,1
DA:368,1
DA:370,1
DA:371,1
DA:372,0
DA:374,1
DA:376,1
LF:147
LH:141
end_of_record
SF:lib\features\controversy\presentation\widgets\controversy_section.dart
DA:21,1
DA:30,4
DA:32,4
DA:33,4
DA:35,8
DA:36,1
DA:37,1
DA:38,1
DA:45,1
DA:46,1
DA:47,2
DA:48,2
DA:56,8
DA:57,4
DA:58,8
DA:59,20
DA:62,4
DA:63,4
DA:65,4
DA:67,4
DA:68,4
DA:71,12
DA:77,4
DA:81,4
DA:85,12
DA:86,4
DA:91,4
DA:92,4
DA:93,4
DA:94,8
DA:96,4
DA:97,12
DA:98,4
DA:99,4
DA:105,4
DA:110,8
DA:113,4
DA:114,4
DA:115,4
DA:118,4
DA:121,4
DA:122,4
DA:124,12
DA:125,4
DA:143,4
DA:147,4
DA:149,4
DA:150,4
DA:151,12
DA:153,4
DA:155,4
DA:156,4
DA:157,4
DA:158,4
DA:159,4
DA:164,4
DA:165,8
DA:167,4
DA:169,4
DA:170,4
DA:172,4
DA:173,4
DA:174,12
DA:175,4
DA:184,4
DA:186,4
DA:188,12
DA:189,4
DA:194,4
DA:195,4
DA:196,8
DA:198,12
DA:205,4
DA:206,4
DA:207,4
DA:208,4
DA:209,8
DA:210,4
DA:211,16
DA:212,4
DA:214,4
DA:215,4
DA:216,8
DA:225,8
DA:226,20
DA:227,8
DA:228,15
DA:229,12
DA:230,4
DA:238,4
DA:239,4
DA:240,2
DA:241,1
DA:249,4
DA:252,4
DA:254,4
DA:255,4
DA:258,4
DA:259,4
DA:260,4
DA:261,8
DA:262,4
DA:264,4
DA:291,4
DA:295,4
DA:296,4
DA:302,4
DA:303,12
DA:304,4
DA:305,8
DA:310,4
DA:312,4
DA:313,4
DA:314,4
DA:315,4
DA:317,4
DA:319,4
DA:320,4
DA:321,4
DA:322,4
DA:323,4
DA:324,8
DA:325,8
DA:330,4
DA:331,2
DA:332,2
DA:334,2
DA:336,4
DA:337,4
DA:343,8
DA:344,4
DA:345,1
DA:347,1
DA:349,3
DA:350,1
DA:356,12
DA:363,2
DA:373,2
DA:375,2
DA:376,2
DA:378,2
DA:380,2
DA:381,6
DA:383,2
DA:385,2
DA:386,2
DA:387,2
DA:389,2
DA:391,2
DA:392,2
DA:397,2
DA:398,2
DA:399,2
DA:401,2
DA:402,2
DA:403,4
DA:406,2
DA:407,4
DA:408,6
DA:411,4
DA:424,2
DA:425,7
DA:426,6
DA:427,0
DA:435,1
DA:436,1
DA:437,1
DA:439,0
DA:441,1
DA:442,2
DA:444,0
LF:171
LH:168
end_of_record
SF:lib\features\privacy\data\data_deletion_service.dart
DA:27,1
DA:42,1
DA:43,5
DA:47,1
DA:64,1
DA:65,1
DA:72,2
DA:74,1
DA:75,1
DA:78,1
DA:80,1
DA:88,1
DA:90,2
DA:92,2
DA:93,3
DA:97,0
DA:98,0
DA:104,1
DA:105,1
DA:106,1
DA:115,0
DA:117,0
DA:120,0
DA:121,0
DA:127,0
DA:129,0
DA:132,0
DA:133,0
DA:140,1
DA:141,1
DA:142,0
DA:146,0
DA:148,0
DA:152,0
DA:153,0
DA:158,0
DA:160,0
DA:162,0
DA:168,0
DA:169,0
DA:174,1
DA:175,1
DA:177,2
DA:178,0
DA:184,1
DA:185,1
DA:187,2
DA:188,0
DA:194,1
DA:196,1
LF:50
LH:28
end_of_record
SF:lib\features\watchlist\data\watchlist_repository.dart
DA:26,3
DA:35,3
DA:36,8
DA:39,3
DA:40,3
DA:43,1
DA:44,2
DA:45,1
DA:47,1
DA:48,1
DA:50,5
DA:54,3
DA:58,1
DA:59,1
DA:62,3
DA:65,1
DA:66,2
DA:68,4
DA:69,2
DA:72,1
DA:73,2
DA:74,2
DA:77,1
DA:78,2
DA:79,2
DA:82,1
DA:86,1
DA:87,2
DA:88,2
DA:97,1
DA:98,1
DA:99,1
DA:100,1
DA:104,0
DA:105,0
DA:108,0
DA:109,0
DA:110,0
DA:112,0
DA:115,0
DA:117,0
DA:118,0
DA:119,0
DA:123,0
DA:133,0
DA:136,1
DA:137,1
DA:138,1
DA:142,0
DA:143,0
DA:144,0
DA:145,0
DA:147,0
DA:151,1
DA:152,1
DA:156,2
DA:157,0
DA:163,1
DA:166,1
DA:167,2
DA:168,0
DA:175,1
DA:176,1
DA:177,1
LF:64
LH:45
end_of_record
SF:lib\features\privacy\presentation\widgets\delete_data_tile.dart
DA:16,0
DA:17,0
DA:21,4
DA:23,0
DA:24,0
DA:30,0
DA:31,0
DA:32,0
DA:34,0
DA:54,0
DA:55,0
DA:56,0
DA:59,0
DA:60,0
DA:61,0
DA:62,0
DA:70,0
DA:72,0
DA:74,0
DA:78,0
DA:80,0
DA:81,0
DA:83,0
DA:85,0
DA:86,0
DA:87,0
DA:88,0
DA:89,0
DA:91,0
DA:93,0
DA:98,0
DA:100,0
DA:101,0
DA:103,0
DA:105,0
DA:111,0
DA:113,0
DA:115,0
DA:117,0
DA:118,0
DA:122,0
DA:124,0
DA:125,0
DA:128,0
DA:134,4
DA:138,0
DA:140,0
DA:142,0
DA:144,0
LF:49
LH:2
end_of_record
SF:lib\features\search\data\repositories\search_repository.dart
DA:10,2
DA:19,2
DA:21,4
DA:22,0
DA:23,0
DA:24,0
DA:26,2
DA:31,0
DA:32,0
DA:33,0
DA:36,0
DA:37,0
DA:40,0
DA:43,0
DA:46,0
DA:47,0
DA:50,0
DA:57,0
DA:59,0
DA:60,0
DA:61,0
DA:62,0
DA:69,0
DA:71,0
DA:72,0
DA:82,0
DA:85,0
DA:88,0
LF:28
LH:4
end_of_record
SF:lib\features\search\presentation\providers\search_providers.dart
DA:15,8
DA:16,2
DA:23,8
DA:24,4
DA:25,2
DA:32,0
DA:33,0
DA:34,0
DA:38,0
DA:39,0
DA:40,0
LF:11
LH:5
end_of_record
SF:lib\features\search\presentation\screens\home_screen.dart
DA:24,0
DA:26,2
DA:27,2
DA:34,2
DA:36,4
DA:37,4
DA:38,2
DA:42,0
DA:43,0
DA:44,0
DA:47,0
DA:50,0
DA:51,0
DA:54,2
DA:56,2
DA:57,2
DA:58,6
DA:60,2
DA:61,2
DA:62,2
DA:63,2
DA:66,2
DA:71,2
DA:72,2
DA:74,2
DA:75,2
DA:76,2
DA:77,2
DA:83,2
DA:85,2
DA:87,2
DA:97,2
DA:98,2
DA:103,2
DA:105,2
DA:107,2
DA:110,2
DA:112,2
DA:113,2
DA:124,2
DA:126,4
DA:130,2
DA:132,6
DA:133,2
DA:139,2
DA:141,2
DA:142,2
DA:143,2
DA:144,4
DA:145,2
DA:147,2
DA:148,2
DA:149,2
DA:150,0
DA:152,4
DA:153,2
DA:155,6
DA:156,2
DA:159,2
DA:161,2
DA:163,2
DA:164,2
DA:165,2
DA:166,6
DA:169,0
DA:170,0
DA:172,0
DA:175,0
DA:176,0
DA:177,0
DA:193,2
DA:196,2
DA:197,2
DA:200,2
DA:218,2
DA:219,0
DA:222,0
DA:223,0
DA:224,0
DA:227,0
DA:230,0
DA:232,0
DA:235,0
DA:236,0
DA:237,0
DA:238,0
DA:239,0
DA:240,0
DA:248,0
DA:251,0
DA:255,0
DA:256,0
DA:257,0
DA:262,0
DA:263,0
DA:264,0
DA:267,0
DA:285,2
DA:294,2
DA:296,6
DA:306,4
DA:308,2
DA:310,2
DA:311,2
DA:312,4
DA:314,2
DA:316,0
DA:319,0
DA:321,0
DA:322,0
DA:323,0
DA:324,0
DA:326,0
DA:328,0
DA:332,0
DA:340,0
DA:344,0
DA:346,0
DA:347,0
DA:348,0
DA:350,0
DA:352,0
DA:353,0
DA:355,0
DA:356,0
DA:357,0
DA:358,0
DA:360,0
DA:362,0
DA:363,0
DA:364,0
DA:365,0
DA:367,0
DA:368,0
DA:369,0
DA:371,0
DA:372,0
DA:373,0
DA:376,0
DA:377,0
DA:382,0
DA:383,0
DA:388,0
DA:389,0
DA:390,0
DA:392,0
DA:393,0
DA:394,0
DA:395,0
DA:403,0
DA:405,0
DA:408,0
DA:409,0
DA:410,0
DA:423,0
DA:428,0
DA:430,0
DA:432,0
DA:436,0
DA:437,0
DA:440,0
DA:441,0
DA:442,0
DA:443,0
DA:450,0
DA:452,0
DA:453,0
DA:456,0
DA:457,0
DA:459,0
DA:460,0
DA:473,4
DA:475,2
DA:479,2
DA:482,2
DA:483,2
DA:485,4
DA:488,0
DA:499,4
DA:501,2
DA:503,2
DA:504,2
DA:506,2
DA:509,2
DA:512,2
DA:513,2
DA:516,2
DA:519,2
DA:521,6
DA:522,2
DA:524,6
DA:525,2
DA:528,2
DA:529,2
DA:530,2
DA:531,2
DA:532,2
DA:533,4
DA:535,2
DA:537,2
DA:538,2
DA:540,2
DA:545,6
DA:546,2
DA:555,4
LF:205
LH:103
end_of_record
SF:lib\features\watchlist\domain\watched_figure.dart
DA:12,1
DA:34,1
DA:41,1
DA:42,1
DA:43,1
DA:44,0
DA:45,1
DA:46,1
DA:50,2
DA:51,2
DA:52,2
DA:53,3
DA:54,1
DA:55,3
DA:60,1
DA:61,1
DA:62,2
DA:64,1
DA:66,1
DA:68,3
DA:69,1
DA:70,2
DA:74,0
DA:75,0
LF:24
LH:21
end_of_record
SF:lib\core\domain\models\celebrity.dart
DA:17,6
DA:83,6
DA:85,0
DA:86,0
DA:89,0
DA:101,0
DA:102,0
DA:103,0
DA:104,0
DA:105,0
DA:106,0
DA:107,0
DA:108,0
DA:109,0
DA:110,0
DA:111,0
DA:116,1
DA:117,1
DA:118,2
DA:119,3
DA:120,3
DA:121,3
DA:122,3
DA:123,3
DA:124,3
DA:125,3
DA:130,3
DA:131,3
DA:132,2
DA:133,3
DA:134,3
DA:135,2
DA:137,7
DA:139,3
DA:141,5
DA:142,2
DA:143,3
DA:144,2
DA:145,0
DA:150,1
DA:156,1
DA:158,1
DA:159,1
DA:160,2
DA:162,1
DA:163,2
DA:164,2
DA:165,2
DA:166,2
DA:167,1
DA:168,1
DA:170,1
DA:173,1
DA:174,1
DA:175,2
DA:177,1
DA:178,1
DA:181,1
DA:182,3
DA:183,1
DA:184,1
DA:186,2
DA:187,2
DA:188,1
DA:192,2
DA:193,1
DA:194,1
DA:195,1
DA:196,1
DA:197,1
DA:204,6
DA:220,0
DA:221,0
DA:223,4
DA:224,2
DA:225,2
DA:226,2
DA:227,2
DA:228,8
DA:231,3
DA:232,3
DA:233,3
DA:234,3
DA:235,3
DA:236,8
DA:237,6
DA:243,3
DA:244,3
DA:246,6
DA:247,6
DA:248,1
DA:249,0
DA:251,3
DA:252,1
DA:253,1
DA:254,1
DA:262,3
DA:263,3
LF:98
LH:80
end_of_record
SF:lib\core\domain\models\media_item.dart
DA:15,5
DA:79,0
DA:80,0
DA:83,4
DA:84,4
DA:85,2
DA:86,2
DA:87,2
DA:88,2
DA:89,3
DA:90,2
DA:91,2
DA:92,2
DA:93,2
DA:94,2
DA:95,2
DA:96,2
DA:99,3
DA:100,3
DA:102,3
DA:103,12
DA:104,1
DA:106,3
DA:107,3
DA:108,3
DA:109,3
DA:111,3
DA:112,4
DA:114,3
DA:115,3
DA:116,3
DA:117,3
DA:118,3
DA:119,3
DA:120,3
LF:35
LH:33
end_of_record
SF:lib\core\export\celebrity_export.dart
DA:21,1
DA:22,3
DA:24,2
DA:26,3
DA:31,1
DA:32,1
DA:33,1
DA:34,1
DA:35,1
DA:36,2
DA:37,3
DA:39,1
DA:40,2
DA:41,2
DA:42,2
DA:43,2
DA:44,2
DA:45,2
DA:46,2
DA:47,2
DA:48,2
DA:49,2
DA:50,2
DA:52,2
DA:53,1
DA:54,1
DA:56,1
DA:57,1
DA:58,1
DA:59,1
DA:60,1
DA:61,1
DA:64,2
DA:65,1
DA:66,2
DA:67,1
DA:68,1
DA:69,1
DA:70,1
DA:71,1
DA:72,1
DA:73,1
DA:76,1
DA:78,1
DA:79,1
DA:80,0
DA:81,0
DA:82,0
DA:83,0
DA:84,0
DA:85,0
DA:88,1
DA:94,1
DA:95,1
DA:96,1
DA:97,2
DA:98,1
DA:99,1
DA:100,1
DA:101,2
DA:102,1
DA:103,2
DA:104,2
DA:105,1
DA:108,1
DA:112,1
DA:113,1
DA:114,1
DA:115,1
DA:116,1
DA:117,2
DA:118,1
DA:119,1
DA:120,3
DA:121,1
DA:124,1
DA:128,1
DA:129,4
DA:130,3
DA:131,1
DA:141,1
DA:142,1
DA:143,2
DA:144,3
DA:146,1
DA:149,1
DA:151,2
DA:152,3
DA:154,2
LF:89
LH:83
end_of_record
SF:lib\core\domain\models\person_facts.dart
DA:18,3
DA:34,1
DA:35,1
DA:36,1
DA:37,2
DA:38,2
DA:40,2
DA:47,1
DA:48,1
DA:50,2
DA:53,1
DA:54,3
DA:56,3
DA:57,6
DA:58,1
DA:60,2
DA:63,0
DA:64,0
DA:66,2
DA:67,1
DA:68,1
DA:69,1
DA:70,1
DA:73,2
DA:76,1
DA:77,2
DA:78,2
DA:79,2
DA:80,2
DA:84,1
DA:85,1
DA:86,1
DA:87,1
DA:88,2
DA:89,2
DA:95,1
DA:109,1
DA:110,1
DA:111,3
DA:113,1
DA:114,2
DA:116,1
DA:119,1
DA:123,0
DA:124,0
DA:150,1
DA:151,1
DA:153,1
DA:154,2
DA:155,3
DA:157,3
DA:159,2
DA:160,2
DA:161,2
DA:163,3
DA:165,2
DA:166,2
DA:168,1
DA:171,1
DA:173,1
DA:174,2
DA:176,2
DA:177,2
DA:178,2
DA:180,4
DA:182,1
DA:185,1
DA:186,2
DA:187,2
DA:190,1
DA:191,1
DA:192,1
DA:193,1
DA:194,4
LF:74
LH:70
end_of_record
SF:lib\core\utils\correlation.dart
DA:21,4
DA:22,12
DA:23,1
DA:24,3
DA:27,8
DA:28,3
DA:31,4
DA:32,16
DA:33,16
DA:39,8
DA:40,8
DA:41,8
DA:42,8
DA:43,8
DA:44,8
DA:47,8
DA:48,4
DA:50,4
DA:54,3
DA:55,3
DA:56,3
DA:57,3
DA:58,1
DA:59,1
DA:60,1
DA:61,1
DA:71,4
DA:76,24
DA:78,16
DA:79,16
LF:30
LH:30
end_of_record
SF:lib\core\utils\compare_analytics.dart
DA:54,2
DA:59,2
DA:60,1
DA:62,8
DA:63,6
DA:65,2
DA:66,4
DA:67,4
DA:70,8
DA:71,4
DA:72,6
DA:96,2
DA:97,6
DA:100,4
DA:101,4
DA:104,6
DA:105,6
DA:106,2
DA:109,2
DA:110,8
DA:115,2
DA:131,6
DA:133,2
DA:134,2
DA:135,4
DA:141,8
DA:151,2
DA:152,2
DA:154,6
DA:155,8
DA:156,2
DA:157,2
DA:162,2
DA:163,2
DA:165,2
DA:166,2
DA:170,2
DA:171,2
DA:179,3
DA:180,5
DA:181,5
LF:41
LH:41
end_of_record
SF:lib\features\dashboard\data\celebrity_repository.dart
DA:15,1
DA:20,1
LF:2
LH:2
end_of_record
SF:lib\features\share\data\card_renderer.dart
DA:36,0
DA:37,0
DA:40,0
DA:43,0
DA:46,0
DA:47,0
DA:48,0
DA:49,0
DA:50,0
DA:51,0
DA:59,0
DA:63,0
DA:66,0
DA:67,0
DA:69,0
DA:70,0
DA:72,0
DA:76,0
DA:78,0
DA:82,0
DA:84,0
DA:91,0
DA:94,0
DA:95,0
DA:97,0
DA:98,0
DA:102,0
DA:104,0
DA:107,0
DA:117,1
DA:118,1
DA:120,1
DA:121,2
DA:123,1
DA:129,0
DA:133,0
DA:135,0
DA:136,0
DA:138,0
DA:140,0
DA:144,0
DA:145,0
DA:146,0
DA:148,0
DA:149,0
LF:45
LH:5
end_of_record
SF:lib\features\share\presentation\widgets\share_card.dart
DA:38,1
DA:42,1
DA:44,2
DA:45,4
DA:47,1
DA:48,1
DA:49,1
DA:50,1
DA:52,1
DA:54,1
DA:56,1
DA:57,2
DA:66,1
DA:67,1
DA:69,1
DA:70,1
DA:71,1
DA:73,2
DA:75,1
DA:76,3
DA:77,2
DA:78,2
DA:79,2
DA:83,1
DA:84,1
DA:86,2
DA:87,1
DA:88,2
DA:96,3
DA:99,3
DA:107,1
DA:108,1
DA:109,1
DA:110,1
DA:116,1
DA:120,1
DA:122,1
DA:123,1
DA:124,5
DA:126,1
DA:127,1
DA:130,1
DA:131,1
DA:132,2
DA:144,1
DA:145,3
DA:163,1
DA:168,1
DA:170,1
DA:178,1
DA:179,6
DA:188,1
DA:190,0
DA:193,0
DA:195,0
DA:197,0
DA:198,0
DA:199,0
DA:201,0
DA:202,0
DA:210,1
DA:222,1
DA:224,1
DA:226,1
DA:228,1
DA:229,1
DA:231,1
DA:234,1
DA:235,1
DA:236,2
DA:247,1
DA:248,1
DA:249,1
DA:250,1
DA:258,1
DA:259,1
DA:275,1
DA:280,1
DA:282,3
DA:284,1
DA:287,1
DA:289,1
DA:290,1
DA:292,1
DA:294,1
DA:295,1
DA:296,1
DA:298,6
DA:307,1
DA:308,1
DA:320,1
DA:321,1
DA:322,1
DA:324,1
DA:326,1
DA:327,1
DA:331,1
DA:332,1
DA:333,1
DA:334,1
DA:335,1
DA:337,1
DA:338,2
DA:339,1
DA:340,2
DA:347,1
DA:348,1
DA:349,1
DA:360,2
DA:362,1
DA:363,2
DA:373,2
DA:374,1
DA:375,3
DA:384,1
DA:385,1
DA:386,5
DA:387,2
DA:390,1
DA:391,1
DA:392,1
DA:393,1
DA:394,1
DA:403,1
DA:407,1
DA:409,1
DA:411,1
DA:412,1
DA:413,1
DA:416,1
DA:427,2
DA:429,2
DA:444,1
DA:445,1
DA:446,3
DA:447,3
DA:448,2
LF:137
LH:129
end_of_record
SF:lib\core\constants\api_config.dart
DA:43,1
DA:44,1
DA:51,0
DA:52,0
LF:4
LH:2
end_of_record
SF:lib\core\error\failures.dart
DA:13,2
DA:21,0
DA:22,0
DA:27,0
DA:35,1
DA:44,0
DA:45,0
DA:50,0
DA:58,1
DA:66,1
DA:74,0
DA:84,2
DA:92,0
LF:13
LH:5
end_of_record
SF:lib\core\error\result.dart
DA:21,3
DA:24,4
DA:27,6
DA:30,1
DA:32,4
DA:33,3
DA:38,0
DA:42,0
DA:43,0
DA:48,1
DA:50,2
DA:51,2
DA:58,2
DA:64,3
LF:14
LH:11
end_of_record
SF:lib\core\security\api_credentials.dart
DA:19,1
DA:23,1
DA:24,2
DA:26,0
DA:27,0
DA:28,0
DA:30,0
DA:31,0
DA:32,0
DA:38,0
DA:40,0
DA:41,0
DA:42,0
DA:47,0
DA:52,0
DA:54,0
DA:56,0
LF:17
LH:3
end_of_record
SF:lib\core\utils\forecasting.dart
DA:12,1
DA:54,2
DA:55,4
DA:57,1
DA:60,2
DA:61,4
DA:66,2
DA:67,2
DA:68,5
DA:69,4
DA:73,1
DA:74,0
DA:77,0
DA:81,1
DA:82,2
DA:84,1
DA:85,2
DA:86,2
DA:87,3
DA:88,1
DA:91,1
LF:21
LH:19
end_of_record
SF:lib\features\dashboard\data\firestore_celebrity_repository.dart
DA:29,0
DA:34,0
DA:46,0
DA:48,0
DA:51,0
DA:52,0
DA:53,0
DA:56,0
DA:60,0
DA:61,0
DA:62,0
DA:69,0
DA:71,0
DA:75,0
DA:77,0
DA:78,0
DA:79,0
DA:81,0
DA:82,0
DA:83,0
DA:85,0
DA:86,0
DA:88,0
DA:89,0
DA:90,0
DA:94,0
DA:95,0
DA:96,0
DA:97,0
DA:98,0
DA:99,0
DA:101,0
DA:105,0
DA:106,0
DA:107,0
DA:109,0
DA:118,0
DA:120,0
DA:123,0
DA:124,0
DA:130,0
LF:41
LH:0
end_of_record
SF:lib\features\dashboard\data\proxy_celebrity_repository.dart
DA:29,1
DA:30,0
DA:38,1
DA:40,1
DA:42,0
DA:44,0
DA:46,1
DA:51,4
DA:52,1
DA:53,1
DA:57,0
DA:58,0
DA:63,2
DA:64,1
DA:65,1
DA:66,1
DA:68,2
DA:69,1
DA:70,1
DA:72,1
DA:74,1
DA:78,4
DA:81,2
DA:82,1
DA:83,2
DA:86,2
DA:87,3
DA:89,2
DA:90,0
DA:91,0
DA:92,0
DA:93,0
DA:94,0
DA:99,2
DA:100,2
DA:101,1
DA:106,0
DA:107,0
DA:109,0
DA:110,0
DA:111,0
DA:117,1
DA:118,1
DA:119,1
DA:120,2
DA:125,0
DA:126,0
DA:131,1
DA:132,1
DA:133,2
DA:137,4
DA:138,1
DA:139,1
DA:140,2
DA:143,1
DA:145,1
DA:146,2
DA:149,1
DA:150,1
DA:152,1
DA:153,1
DA:154,1
DA:159,2
DA:160,0
DA:161,0
DA:162,0
DA:163,1
DA:164,0
DA:166,1
DA:167,1
DA:168,0
DA:169,0
DA:171,1
DA:175,1
DA:176,1
DA:178,1
DA:180,3
DA:181,1
DA:185,1
DA:186,2
DA:187,1
DA:188,1
DA:189,1
DA:190,1
DA:192,1
DA:193,2
DA:195,1
DA:198,1
DA:199,1
DA:200,2
DA:201,1
DA:202,1
DA:203,1
DA:204,1
DA:205,1
DA:208,4
DA:209,1
DA:212,1
DA:214,5
DA:217,1
DA:218,2
DA:219,2
DA:220,2
DA:221,2
DA:222,1
DA:223,1
DA:228,2
DA:229,2
DA:230,1
DA:231,1
DA:232,1
DA:233,1
DA:234,1
DA:235,1
DA:240,1
DA:241,1
DA:242,1
DA:244,1
DA:246,2
DA:248,1
DA:249,2
DA:250,3
DA:251,2
DA:254,1
DA:256,2
DA:257,2
DA:263,0
LF:127
LH:103
end_of_record
SF:lib\features\dashboard\presentation\providers\dashboard_providers.dart
DA:24,0
DA:25,0
DA:26,0
DA:27,0
DA:37,3
DA:38,1
DA:43,9
DA:47,0
DA:48,0
DA:50,0
DA:52,0
DA:56,0
DA:57,0
DA:62,0
DA:66,0
DA:67,0
DA:69,0
DA:72,0
DA:73,0
LF:19
LH:3
end_of_record
SF:lib\features\dashboard\presentation\providers\media_focus.dart
DA:20,3
DA:35,1
DA:37,5
DA:46,1
DA:47,5
DA:50,1
DA:51,1
DA:53,1
DA:59,2
DA:61,3
DA:65,1
DA:66,1
DA:76,1
DA:77,3
DA:78,3
LF:15
LH:15
end_of_record
SF:lib\features\dashboard\presentation\screens\dashboard_screen.dart
DA:39,0
DA:43,1
DA:45,4
DA:47,1
DA:48,1
DA:49,0
DA:50,3
DA:52,0
DA:54,0
DA:55,0
DA:65,0
DA:68,0
DA:70,0
DA:71,0
DA:72,0
DA:74,0
DA:75,0
DA:77,0
DA:81,0
DA:82,0
DA:85,0
DA:87,0
DA:93,0
DA:96,0
DA:97,0
DA:98,0
DA:99,0
DA:102,0
DA:105,0
DA:106,0
DA:107,0
DA:110,0
DA:115,0
DA:117,0
DA:118,0
DA:121,0
DA:122,0
DA:123,0
DA:124,0
DA:125,0
DA:127,0
DA:129,0
DA:130,0
DA:131,0
DA:133,0
DA:136,0
DA:137,0
DA:138,0
DA:141,0
DA:142,0
DA:149,0
DA:150,0
DA:158,0
DA:159,0
DA:160,0
DA:161,0
DA:162,0
DA:163,0
DA:169,0
DA:170,0
DA:172,0
DA:174,0
DA:176,0
DA:177,0
DA:178,0
DA:179,0
DA:180,0
DA:181,0
DA:182,0
DA:183,0
DA:184,0
DA:187,0
DA:188,0
DA:189,0
DA:196,0
DA:197,0
DA:198,0
DA:199,0
DA:200,0
DA:201,0
DA:204,0
DA:205,0
DA:206,0
DA:215,0
DA:216,0
DA:217,0
DA:219,0
DA:220,0
DA:221,0
DA:222,0
DA:223,0
DA:224,0
DA:228,0
DA:229,0
DA:231,0
DA:232,0
DA:233,0
DA:237,0
DA:238,0
DA:240,0
DA:241,0
DA:242,0
DA:246,0
DA:247,0
DA:249,0
DA:250,0
DA:251,0
DA:256,0
DA:267,0
DA:272,0
DA:273,0
DA:276,0
DA:280,0
DA:282,0
DA:283,0
DA:285,0
DA:286,0
DA:289,0
DA:291,0
DA:292,0
DA:293,0
DA:296,0
DA:297,0
DA:299,0
DA:300,0
DA:301,0
DA:302,0
DA:303,0
DA:306,0
DA:307,0
DA:308,0
DA:322,1
DA:325,1
DA:327,1
DA:329,1
DA:330,1
DA:331,3
DA:332,1
DA:335,0
DA:343,1
DA:344,2
DA:345,1
DA:346,3
DA:347,1
DA:349,1
DA:351,1
DA:353,1
DA:356,1
DA:359,1
DA:360,1
DA:361,2
DA:363,2
DA:365,2
DA:369,1
DA:377,2
DA:380,1
DA:382,1
DA:390,0
DA:400,0
DA:402,0
DA:403,0
DA:405,0
DA:406,0
DA:407,0
DA:410,0
DA:413,0
DA:414,0
DA:416,0
DA:418,0
DA:419,0
DA:421,0
DA:423,0
DA:425,0
DA:428,0
DA:430,0
DA:432,0
DA:436,0
DA:437,0
DA:442,0
DA:443,0
DA:460,0
DA:461,0
DA:463,0
DA:466,0
DA:468,0
DA:471,0
DA:473,0
DA:476,0
DA:478,0
DA:481,0
DA:483,0
DA:486,0
DA:488,0
DA:491,0
DA:493,0
DA:496,0
DA:498,0
DA:501,0
DA:506,0
DA:515,0
DA:519,0
DA:522,0
DA:523,0
DA:525,0
DA:526,0
DA:530,0
DA:532,0
DA:533,0
DA:534,0
DA:535,0
DA:536,0
DA:537,0
DA:538,0
DA:539,0
DA:543,0
DA:544,0
DA:545,0
DA:546,0
DA:547,0
DA:548,0
DA:550,0
DA:551,0
DA:571,0
DA:575,0
DA:576,0
DA:578,0
DA:579,0
DA:586,0
DA:591,0
DA:592,0
DA:597,0
DA:598,0
DA:599,0
DA:600,0
DA:601,0
DA:602,0
DA:603,0
DA:604,0
DA:610,0
DA:612,0
DA:615,0
DA:617,0
DA:618,0
DA:619,0
DA:620,0
DA:621,0
DA:622,0
DA:624,0
DA:627,0
DA:628,0
DA:632,0
DA:672,1
DA:684,1
DA:686,2
DA:687,1
DA:688,1
DA:689,1
DA:690,1
LF:258
LH:37
end_of_record
SF:lib\features\dashboard\presentation\widgets\biography_card.dart
DA:11,0
DA:32,0
DA:33,0
DA:42,0
DA:44,0
DA:45,0
DA:49,0
DA:50,0
DA:55,0
DA:57,0
DA:58,0
DA:61,0
DA:62,0
DA:63,0
DA:64,0
DA:66,0
DA:70,0
DA:72,0
DA:73,0
DA:74,0
DA:76,0
DA:77,0
DA:78,0
DA:79,0
DA:80,0
DA:81,0
DA:83,0
DA:85,0
DA:87,0
DA:89,0
DA:96,0
DA:97,0
DA:98,0
DA:100,0
DA:101,0
DA:103,0
DA:104,0
DA:105,0
DA:106,0
DA:112,0
DA:116,0
DA:117,0
DA:122,0
DA:123,0
DA:124,0
DA:126,0
DA:127,0
DA:137,0
DA:152,0
DA:155,0
DA:157,0
DA:161,0
DA:164,0
DA:166,0
DA:167,0
DA:168,0
DA:170,0
DA:174,0
DA:176,0
DA:177,0
DA:178,0
DA:180,0
DA:181,0
DA:182,0
DA:183,0
DA:184,0
DA:185,0
DA:190,0
DA:191,0
DA:192,0
DA:195,0
DA:205,0
DA:206,0
DA:208,0
DA:211,0
DA:213,0
DA:216,0
DA:217,0
DA:219,0
DA:224,0
DA:225,0
DA:226,0
DA:227,0
DA:228,0
DA:231,0
DA:232,0
DA:233,0
DA:234,0
DA:246,0
DA:247,0
DA:249,0
DA:250,0
DA:251,0
DA:253,0
DA:254,0
DA:255,0
DA:257,0
DA:262,0
DA:272,0
DA:278,0
DA:280,0
DA:283,0
DA:284,0
DA:290,0
DA:292,0
DA:295,0
DA:297,0
DA:298,0
DA:301,0
DA:302,0
DA:303,0
DA:309,0
DA:310,0
DA:311,0
DA:313,0
DA:314,0
DA:327,0
DA:331,0
DA:333,0
DA:334,0
DA:336,0
DA:338,0
DA:342,0
DA:344,0
DA:345,0
DA:346,0
DA:348,0
DA:350,0
DA:352,0
DA:354,0
DA:355,0
DA:357,0
DA:379,0
DA:383,0
DA:385,0
DA:386,0
DA:388,0
DA:389,0
DA:390,0
DA:392,0
DA:394,0
DA:396,0
DA:397,0
DA:400,0
DA:402,0
DA:404,0
DA:406,0
DA:407,0
DA:408,0
DA:409,0
DA:412,0
DA:416,0
DA:418,0
DA:421,0
DA:422,0
DA:423,0
DA:428,0
DA:429,0
DA:430,0
DA:431,0
DA:433,0
DA:435,0
DA:436,0
DA:443,0
DA:444,0
DA:445,0
DA:446,0
DA:449,0
DA:452,0
DA:453,0
DA:455,0
DA:456,0
DA:470,0
DA:475,0
DA:477,0
DA:478,0
DA:480,0
DA:483,0
DA:484,0
DA:485,0
DA:486,0
DA:487,0
DA:494,0
DA:495,0
DA:496,0
DA:497,0
LF:186
LH:0
end_of_record
SF:lib\features\dashboard\presentation\widgets\disambiguation_bar.dart
DA:22,1
DA:35,1
DA:37,4
DA:40,2
DA:42,1
DA:43,1
DA:45,1
DA:48,1
DA:49,1
DA:50,1
DA:51,2
DA:53,1
DA:55,1
DA:56,1
DA:57,1
DA:58,1
DA:61,1
DA:64,1
DA:65,1
DA:66,2
DA:67,0
DA:68,3
DA:69,3
DA:70,1
DA:77,3
DA:79,1
DA:81,3
DA:82,1
DA:87,1
DA:90,1
DA:91,1
DA:92,1
DA:94,2
DA:95,3
DA:100,1
DA:102,1
DA:104,1
DA:106,1
DA:107,2
DA:110,1
DA:124,1
DA:125,3
DA:127,2
DA:129,2
DA:132,4
DA:135,4
DA:140,1
DA:150,1
DA:152,1
DA:153,1
DA:155,1
DA:157,1
DA:158,3
DA:159,0
DA:160,5
DA:162,1
DA:164,1
DA:165,1
DA:166,1
DA:167,1
DA:171,1
DA:172,1
DA:173,1
DA:174,1
DA:175,1
DA:176,1
DA:177,2
DA:180,1
DA:184,1
DA:185,1
DA:186,2
DA:189,3
DA:191,2
DA:194,3
DA:195,1
DA:196,2
DA:199,3
DA:200,1
LF:78
LH:76
end_of_record
SF:lib\features\dashboard\presentation\widgets\media_feed_section.dart
DA:23,1
DA:32,1
DA:33,1
DA:40,1
DA:41,7
DA:43,1
DA:45,1
DA:46,2
DA:47,8
DA:48,3
DA:49,1
DA:50,1
DA:53,0
DA:54,1
DA:58,1
DA:60,1
DA:61,1
DA:62,2
DA:63,3
DA:69,4
DA:70,1
DA:71,6
DA:72,5
DA:73,3
DA:76,1
DA:77,0
DA:78,0
DA:79,0
DA:80,0
DA:82,0
DA:83,0
DA:84,0
DA:85,0
DA:93,1
DA:94,1
DA:95,1
DA:97,3
DA:98,1
DA:99,1
DA:101,2
DA:104,1
DA:106,1
DA:107,1
DA:109,1
DA:111,1
DA:112,1
DA:119,3
DA:125,1
DA:126,1
DA:127,3
DA:128,3
DA:129,1
DA:130,2
DA:131,1
DA:132,3
DA:133,1
DA:139,1
DA:142,1
DA:143,1
DA:145,1
DA:146,1
DA:147,0
DA:149,1
DA:150,2
DA:151,1
DA:152,1
DA:153,1
DA:154,2
DA:155,1
DA:156,4
DA:163,1
DA:164,0
DA:166,0
DA:168,0
DA:172,1
DA:173,2
DA:175,2
DA:176,1
DA:177,3
DA:178,2
DA:179,2
DA:191,1
DA:206,0
DA:210,0
DA:212,0
DA:219,0
DA:220,0
DA:224,0
DA:225,0
DA:226,0
DA:227,0
DA:231,1
DA:233,1
DA:234,1
DA:235,3
DA:237,1
DA:238,1
DA:242,1
DA:244,1
DA:245,1
DA:246,1
DA:247,1
DA:248,1
DA:249,2
DA:250,1
DA:253,1
DA:255,1
DA:256,1
DA:257,0
DA:258,1
DA:260,1
DA:262,1
DA:263,2
DA:265,1
DA:266,1
DA:268,1
DA:269,1
DA:270,2
DA:273,3
DA:274,1
DA:280,1
DA:281,1
DA:282,1
DA:285,1
DA:291,1
DA:292,1
DA:293,2
DA:296,3
DA:297,1
DA:301,3
DA:302,1
DA:304,3
DA:305,1
DA:308,1
DA:309,3
DA:310,2
DA:317,3
DA:319,1
DA:320,2
DA:321,2
DA:330,1
DA:333,1
DA:350,1
DA:355,1
DA:357,1
DA:358,1
DA:359,1
DA:363,1
DA:364,3
DA:366,1
DA:368,1
DA:369,1
DA:370,1
DA:372,1
DA:373,2
DA:374,1
DA:387,1
DA:392,1
DA:395,1
DA:397,1
DA:400,1
DA:402,5
DA:405,1
DA:406,1
DA:407,1
DA:410,1
DA:412,1
DA:413,2
DA:414,0
DA:415,0
DA:417,0
DA:418,0
DA:421,1
DA:422,3
DA:423,1
DA:424,1
DA:426,1
DA:427,1
DA:447,1
DA:461,1
DA:463,1
DA:464,4
DA:465,1
DA:467,1
DA:468,1
DA:469,1
DA:470,1
DA:472,1
DA:473,3
DA:474,1
DA:475,1
DA:476,3
DA:479,1
DA:480,3
DA:481,1
DA:482,2
DA:496,1
DA:499,1
DA:501,1
DA:502,1
DA:505,1
DA:506,1
DA:507,1
DA:508,2
DA:509,1
DA:511,1
DA:518,1
DA:519,1
DA:520,1
DA:521,0
DA:524,1
DA:525,1
DA:526,1
DA:527,0
DA:530,1
DA:531,1
DA:532,1
DA:533,0
LF:218
LH:188
end_of_record
SF:lib\features\dashboard\presentation\widgets\sentiment_section.dart
DA:31,2
DA:41,2
DA:42,2
DA:57,2
DA:59,2
DA:60,4
DA:63,2
DA:65,2
DA:68,2
DA:69,2
DA:70,2
DA:73,2
DA:74,6
DA:75,2
DA:84,6
DA:85,2
DA:86,1
DA:87,2
DA:91,6
DA:92,6
DA:93,4
DA:94,8
DA:95,4
DA:98,2
DA:103,2
DA:105,4
DA:106,4
DA:107,2
DA:110,2
DA:112,2
DA:113,2
DA:114,4
DA:116,2
DA:117,2
DA:118,2
DA:119,2
DA:120,4
DA:121,2
DA:123,2
DA:125,2
DA:127,2
DA:129,2
DA:130,2
DA:137,6
DA:144,2
DA:146,2
DA:147,2
DA:148,2
DA:149,2
DA:151,6
DA:152,4
DA:157,2
DA:158,2
DA:160,2
DA:166,2
DA:167,2
DA:169,2
DA:170,4
DA:171,4
DA:180,4
DA:182,2
DA:185,2
DA:186,2
DA:195,2
DA:198,2
DA:200,2
DA:201,2
DA:202,2
DA:203,2
DA:204,2
DA:205,2
DA:212,4
DA:213,3
DA:214,1
DA:216,2
DA:217,2
DA:218,3
DA:221,4
DA:222,2
DA:229,2
DA:231,2
DA:232,2
DA:233,2
DA:236,2
DA:239,2
DA:241,6
DA:242,2
DA:252,4
DA:254,0
DA:258,6
DA:259,2
DA:261,2
DA:262,2
DA:263,2
DA:266,2
DA:269,2
DA:271,6
DA:272,2
DA:278,2
DA:280,2
DA:281,2
DA:282,6
DA:293,2
DA:294,2
DA:296,2
DA:297,2
DA:298,2
DA:299,2
DA:300,2
DA:301,2
DA:302,0
DA:303,0
DA:304,0
DA:306,0
DA:307,0
DA:310,0
DA:311,0
DA:317,2
DA:318,2
DA:320,4
DA:324,2
DA:326,4
DA:330,2
DA:332,4
DA:341,2
DA:344,2
DA:345,2
DA:348,8
DA:351,2
DA:354,8
DA:357,2
DA:360,8
DA:369,2
DA:375,4
DA:379,2
DA:382,4
DA:384,2
DA:393,2
DA:394,4
DA:395,2
DA:397,2
DA:398,2
DA:401,2
DA:404,2
DA:406,4
DA:409,2
DA:411,2
DA:412,2
DA:423,2
DA:428,4
DA:438,1
DA:439,1
DA:440,1
DA:441,7
DA:442,1
DA:445,1
DA:446,2
DA:448,0
DA:449,0
DA:450,0
DA:451,0
DA:452,0
DA:457,5
DA:458,2
DA:459,4
DA:463,4
DA:464,3
DA:465,0
DA:469,1
DA:471,1
DA:472,1
DA:473,1
DA:478,3
DA:480,1
DA:483,1
DA:484,1
DA:489,2
DA:490,2
DA:491,2
DA:495,1
DA:496,1
DA:499,1
DA:500,1
DA:501,2
DA:505,3
DA:506,1
DA:508,1
DA:509,3
DA:510,1
DA:511,1
DA:518,0
DA:519,0
DA:521,0
DA:522,0
DA:523,0
DA:524,0
DA:534,1
DA:537,1
DA:538,1
DA:539,0
DA:540,0
DA:541,0
DA:543,0
DA:544,0
DA:546,0
DA:547,0
DA:549,0
DA:550,0
DA:551,0
DA:552,0
DA:554,0
DA:562,0
DA:566,1
DA:568,1
DA:574,1
DA:576,1
DA:579,1
DA:580,1
DA:581,1
DA:585,1
DA:587,1
DA:588,2
DA:590,1
DA:591,0
DA:595,0
DA:598,1
DA:602,1
DA:608,1
DA:609,0
DA:615,0
DA:616,0
DA:617,0
DA:620,0
DA:624,0
DA:631,1
DA:632,0
DA:633,0
DA:634,0
DA:635,0
DA:636,0
DA:638,0
DA:639,0
DA:642,0
DA:644,0
DA:647,0
DA:660,2
DA:661,4
DA:668,2
DA:670,1
DA:672,1
DA:673,1
DA:674,1
DA:679,0
DA:681,1
DA:684,1
DA:685,1
DA:690,0
DA:691,0
DA:692,0
DA:696,1
DA:697,1
DA:700,0
DA:701,0
DA:702,0
DA:705,0
DA:707,0
DA:708,0
DA:709,0
DA:716,1
DA:718,5
DA:719,1
DA:720,1
DA:721,1
DA:722,1
DA:723,1
DA:724,2
DA:730,1
DA:733,1
DA:734,1
DA:735,1
DA:736,1
DA:737,2
DA:743,1
DA:744,1
DA:745,1
DA:746,0
DA:747,0
DA:748,0
DA:749,0
DA:764,2
DA:765,3
DA:766,2
DA:774,2
DA:786,2
DA:788,2
DA:789,2
DA:791,2
DA:792,4
DA:793,2
DA:794,6
DA:796,2
DA:797,2
DA:798,6
DA:800,2
DA:801,11
DA:802,6
DA:803,2
DA:812,2
DA:813,2
DA:814,4
DA:830,2
DA:834,2
DA:836,2
DA:837,2
DA:839,4
DA:840,4
DA:841,4
DA:842,4
DA:843,4
DA:845,2
DA:847,2
DA:849,2
DA:850,2
DA:851,2
DA:852,2
DA:855,2
DA:858,2
DA:859,4
DA:860,2
DA:861,2
DA:862,10
DA:863,6
DA:864,2
DA:873,2
DA:874,2
DA:875,2
DA:876,6
DA:877,8
DA:878,6
DA:879,2
DA:881,2
DA:883,2
DA:884,2
DA:885,2
DA:887,2
DA:890,2
DA:891,2
DA:892,2
DA:896,2
DA:899,2
DA:901,2
DA:902,2
DA:903,2
DA:904,4
DA:906,2
DA:910,2
DA:911,6
DA:913,2
DA:916,2
DA:918,2
DA:936,1
DA:941,1
DA:943,1
DA:944,1
DA:946,1
DA:947,1
DA:949,1
DA:951,1
DA:952,1
DA:955,1
DA:958,1
DA:959,1
DA:961,3
DA:962,1
DA:967,1
DA:968,1
DA:970,3
DA:971,1
LF:378
LH:312
end_of_record
SF:lib\features\dashboard\presentation\widgets\evidence_panel.dart
DA:18,1
DA:22,1
DA:23,1
DA:30,1
DA:32,3
DA:34,1
DA:35,1
DA:37,1
DA:39,1
DA:40,1
DA:41,1
DA:42,1
DA:43,4
DA:46,1
DA:48,1
DA:50,1
DA:51,5
DA:52,1
DA:53,1
DA:55,1
DA:56,1
DA:63,1
DA:64,1
DA:66,3
DA:67,1
DA:71,1
DA:72,1
DA:74,1
DA:77,1
DA:86,1
DA:88,1
DA:90,1
DA:92,1
DA:93,2
DA:97,5
DA:99,1
DA:102,1
DA:103,1
DA:104,1
DA:107,1
DA:110,1
DA:111,1
DA:113,3
DA:114,1
DA:126,1
DA:146,1
DA:150,1
DA:152,1
DA:153,2
DA:154,1
DA:156,1
DA:158,1
DA:160,1
DA:162,1
DA:165,1
DA:166,1
DA:168,2
DA:169,1
DA:170,1
DA:172,1
DA:173,3
DA:174,1
DA:177,3
DA:184,1
DA:185,1
DA:186,3
DA:187,3
DA:196,1
DA:198,1
DA:209,1
DA:212,1
DA:215,1
DA:217,1
DA:218,1
DA:219,5
DA:222,1
DA:231,1
DA:232,1
DA:233,1
DA:234,0
DA:235,0
DA:236,0
DA:239,2
DA:240,1
DA:241,0
DA:242,0
DA:243,0
LF:87
LH:81
end_of_record
SF:lib\features\dashboard\presentation\widgets\source_breakdown.dart
DA:17,2
DA:21,2
DA:24,4
DA:25,4
DA:26,4
DA:30,0
DA:32,0
DA:34,0
DA:36,0
DA:38,0
DA:39,0
DA:40,0
DA:43,0
DA:46,0
DA:48,0
DA:52,0
DA:54,0
DA:55,0
DA:56,0
DA:73,0
DA:74,0
DA:75,0
DA:76,0
DA:77,0
DA:79,0
DA:84,0
DA:85,0
DA:86,0
DA:87,0
DA:88,0
DA:89,0
DA:90,0
DA:92,0
DA:97,0
DA:98,0
DA:99,0
DA:100,0
DA:101,0
DA:102,0
DA:104,0
DA:119,0
DA:131,0
DA:133,0
DA:135,0
DA:137,0
DA:138,0
DA:139,0
DA:140,0
DA:142,0
DA:144,0
DA:145,0
DA:147,0
DA:148,0
DA:150,0
DA:151,0
DA:152,0
DA:153,0
DA:156,0
DA:162,0
DA:163,0
DA:164,0
LF:61
LH:5
end_of_record
SF:lib\core\domain\models\search_history.dart
DA:10,1
DA:28,0
DA:29,0
DA:31,0
DA:32,0
DA:33,0
DA:34,0
DA:37,1
DA:41,1
DA:43,2
DA:44,2
DA:46,1
DA:47,2
DA:52,1
DA:57,1
DA:58,1
DA:59,0
DA:60,1
DA:61,1
LF:19
LH:12
end_of_record
SF:lib\features\alerts\data\push_service.dart
DA:25,1
DA:38,1
DA:41,1
DA:42,2
DA:44,1
DA:45,2
DA:47,1
DA:48,1
DA:50,1
DA:51,1
DA:65,0
DA:73,0
DA:81,0
DA:82,0
DA:83,0
DA:84,0
DA:93,0
DA:94,0
DA:98,0
DA:99,0
DA:100,0
DA:101,0
DA:103,0
DA:108,0
DA:109,0
DA:113,0
DA:114,0
DA:115,0
DA:116,0
DA:118,0
DA:123,0
DA:124,0
DA:128,0
DA:132,0
DA:145,0
DA:150,0
DA:153,0
DA:155,0
DA:156,0
DA:157,0
DA:160,0
DA:161,0
DA:162,0
DA:165,0
DA:171,0
DA:172,0
DA:174,0
DA:178,0
DA:179,0
DA:180,0
DA:181,0
DA:182,0
DA:183,0
DA:184,0
LF:54
LH:10
end_of_record
SF:lib\features\sentiment\presentation\screens\compare_screen.dart
DA:33,1
DA:35,1
DA:36,1
DA:50,1
DA:51,4
DA:53,1
DA:55,2
DA:56,1
DA:59,1
DA:60,2
DA:61,3
DA:63,2
DA:64,2
DA:65,2
DA:69,4
DA:72,0
DA:73,0
DA:74,0
DA:75,0
DA:79,1
DA:81,1
DA:82,1
DA:85,1
DA:86,2
DA:87,4
DA:88,2
DA:89,2
DA:91,2
DA:92,3
DA:96,1
DA:97,1
DA:98,1
DA:100,0
DA:103,1
DA:104,3
DA:105,1
DA:107,1
DA:108,1
DA:111,2
DA:113,1
DA:114,2
DA:121,1
DA:123,1
DA:125,1
DA:127,1
DA:131,3
DA:132,1
DA:136,5
DA:137,1
DA:138,1
DA:139,3
DA:141,3
DA:143,1
DA:144,1
DA:145,1
DA:147,0
DA:148,1
DA:149,2
DA:151,1
DA:157,3
DA:158,1
DA:159,1
DA:160,4
DA:163,1
DA:171,1
DA:177,1
DA:181,1
DA:185,1
DA:186,1
DA:187,1
DA:190,1
DA:193,1
DA:195,3
DA:196,1
DA:203,3
DA:204,1
DA:206,1
DA:207,1
DA:208,1
DA:209,2
DA:211,1
DA:212,1
DA:213,3
DA:216,2
DA:221,1
DA:223,1
DA:224,1
DA:225,1
DA:226,2
DA:228,1
DA:229,1
DA:230,1
DA:231,1
DA:234,1
DA:237,1
DA:239,2
DA:252,1
DA:253,1
DA:254,1
DA:255,1
DA:256,3
DA:258,1
DA:261,1
DA:263,0
DA:264,0
DA:265,0
DA:273,1
DA:274,2
DA:284,3
DA:285,3
DA:286,1
DA:288,1
DA:289,2
DA:290,3
DA:295,1
DA:297,1
DA:298,1
DA:299,1
DA:300,2
DA:301,1
DA:303,1
DA:305,1
DA:306,3
DA:308,1
DA:310,1
DA:311,1
DA:312,1
DA:317,1
DA:318,2
DA:320,1
DA:323,1
DA:324,1
DA:329,2
DA:330,2
DA:331,1
DA:332,1
DA:338,1
DA:339,1
DA:342,4
DA:346,1
DA:347,1
DA:348,3
DA:351,1
DA:353,1
DA:354,2
DA:355,1
DA:356,1
DA:365,1
DA:369,4
DA:370,1
DA:371,3
DA:374,1
DA:375,1
DA:376,3
DA:377,2
DA:378,4
DA:381,1
DA:387,1
DA:388,1
DA:391,2
DA:395,1
DA:399,1
DA:405,1
DA:409,4
DA:410,1
DA:411,3
DA:412,1
DA:414,1
DA:415,1
DA:417,1
DA:418,2
DA:419,1
DA:421,1
DA:426,1
DA:440,1
DA:441,2
DA:443,2
DA:444,1
DA:445,3
DA:448,1
DA:451,1
DA:452,1
DA:453,1
DA:454,2
DA:455,1
DA:457,1
DA:459,1
DA:460,3
DA:462,2
DA:463,3
DA:465,3
DA:466,1
DA:470,1
DA:471,1
DA:474,1
DA:475,1
DA:476,1
DA:477,2
DA:479,1
DA:480,1
DA:481,1
DA:482,1
DA:484,1
DA:485,1
DA:486,3
DA:487,3
DA:489,1
DA:495,1
DA:496,1
DA:497,3
DA:498,2
DA:501,3
DA:502,3
DA:503,1
DA:511,1
DA:512,1
DA:513,3
DA:515,1
DA:518,1
DA:535,1
DA:536,1
DA:537,2
DA:538,5
DA:548,1
DA:552,1
DA:554,1
DA:555,1
DA:558,5
DA:559,1
DA:560,3
DA:563,2
DA:565,4
DA:567,1
DA:568,5
DA:570,1
DA:573,1
DA:574,1
DA:575,1
DA:576,2
DA:578,1
DA:580,1
DA:581,3
DA:583,1
DA:585,3
DA:586,1
DA:590,2
DA:591,1
DA:592,1
DA:593,1
DA:596,1
DA:602,1
DA:603,1
DA:607,3
DA:608,1
DA:613,1
DA:614,2
DA:615,3
DA:616,1
DA:623,1
DA:624,1
DA:625,1
DA:626,1
DA:627,2
DA:628,1
DA:632,3
DA:633,1
DA:639,1
DA:640,2
DA:642,3
DA:643,2
DA:644,2
DA:645,3
DA:646,1
DA:660,1
DA:661,1
DA:662,2
DA:663,3
DA:668,1
DA:669,1
DA:670,5
DA:675,1
DA:680,1
DA:682,1
DA:685,1
DA:686,1
DA:687,1
DA:688,2
DA:689,2
DA:690,3
DA:717,1
DA:721,1
DA:723,1
DA:724,1
DA:726,1
DA:727,4
DA:732,6
DA:739,1
DA:742,1
DA:743,1
DA:744,1
DA:745,2
DA:746,1
DA:748,1
DA:750,1
DA:751,3
DA:753,1
DA:756,3
DA:757,1
DA:761,1
DA:763,1
DA:764,1
DA:767,1
DA:768,2
DA:769,2
DA:776,1
DA:778,1
DA:780,2
DA:782,2
DA:785,1
DA:786,3
DA:787,1
DA:788,3
DA:789,1
DA:790,3
DA:793,1
DA:794,1
DA:795,3
DA:803,1
DA:806,1
DA:807,4
DA:808,1
DA:810,1
DA:811,1
DA:814,3
DA:817,1
DA:818,3
DA:819,1
DA:821,1
DA:837,1
DA:841,1
DA:843,1
DA:844,1
DA:846,1
DA:849,1
DA:850,1
DA:851,1
DA:852,2
DA:854,1
DA:855,1
DA:857,4
LF:350
LH:341
end_of_record
